[0.006s] Invoking command in '/home/wbc/Projects/tinker_git_repo/tk23_ws/build/livox_ros_driver2': CMAKE_PREFIX_PATH=${CMAKE_PREFIX_PATH}:/opt/ros/humble /usr/bin/cmake /home/wbc/Projects/tinker_git_repo/tk23_ws/src/livox_driver -DROS_EDITION=ROS2 -DHUMBLE_ROS=humble -DCMAKE_INSTALL_PREFIX=/home/wbc/Projects/tinker_git_repo/tk23_ws/install/livox_ros_driver2
[0.029s] -- The C compiler identification is GNU 11.3.0
[0.053s] -- The CXX compiler identification is GNU 11.3.0
[0.056s] -- Detecting C compiler ABI info
[0.083s] -- Detecting C compiler ABI info - done
[0.086s] -- Check for working C compiler: /usr/bin/cc - skipped
[0.086s] -- Detecting C compile features
[0.087s] -- Detecting C compile features - done
[0.088s] -- Detecting CXX compiler ABI info
[0.120s] -- Detecting CXX compiler ABI info - done
[0.124s] -- Check for working CXX compiler: /usr/bin/c++ - skipped
[0.124s] -- Detecting CXX compile features
[0.124s] -- Detecting CXX compile features - done
[0.124s] -- livox_ros_driver2 version: 1.0.0
[0.125s] -- Found ament_cmake_auto: 1.3.5 (/opt/ros/humble/share/ament_cmake_auto/cmake)
[0.280s] -- Found Python3: /usr/bin/python3.10 (found version "3.10.6") found components: Interpreter 
[0.347s] -- Using all available rosidl_typesupport_c: rosidl_typesupport_fastrtps_c;rosidl_typesupport_introspection_c
[0.349s] -- Found rosidl_adapter: 3.1.4 (/opt/ros/humble/share/rosidl_adapter/cmake)
[0.368s] -- Using all available rosidl_typesupport_cpp: rosidl_typesupport_fastrtps_cpp;rosidl_typesupport_introspection_cpp
[0.423s] -- Found rmw_implementation_cmake: 6.1.1 (/opt/ros/humble/share/rmw_implementation_cmake/cmake)
[0.424s] -- Found rmw_fastrtps_cpp: 6.2.2 (/opt/ros/humble/share/rmw_fastrtps_cpp/cmake)
[0.464s] -- Found OpenSSL: /usr/lib/x86_64-linux-gnu/libcrypto.so (found version "3.0.2")  
[0.476s] -- Found FastRTPS: /opt/ros/humble/include  
[0.498s] -- Using RMW implementation 'rmw_fastrtps_cpp' as default
[0.502s] -- Looking for pthread.h
[0.531s] -- Looking for pthread.h - found
[0.532s] -- Performing Test CMAKE_HAVE_LIBC_PTHREAD
[0.561s] -- Performing Test CMAKE_HAVE_LIBC_PTHREAD - Success
[0.561s] -- Found Threads: TRUE  
[0.812s] -- Checking for module 'eigen3'
[0.816s] --   Found eigen3, version 3.4.0
[0.828s] -- Found Eigen: /usr/include/eigen3 (Required is at least version "3.1") 
[0.828s] -- Eigen found (include: /usr/include/eigen3, version: 3.4.0)
[0.837s] -- Found Boost: /usr/lib/x86_64-linux-gnu/cmake/Boost-1.74.0/BoostConfig.cmake (found suitable version "1.74.0", minimum required is "1.65.0") found components: system filesystem date_time iostreams serialization 
[0.844s] -- Checking for module 'flann'
[0.848s] --   Found flann, version 1.9.1
[0.862s] -- Found FLANN: /usr/lib/x86_64-linux-gnu/libflann_cpp.so  
[0.862s] -- FLANN found (include: /usr/include, lib: /usr/lib/x86_64-linux-gnu/libflann_cpp.so)
[0.880s] -- Found GLEW: /usr/lib/x86_64-linux-gnu/libGLEW.so  
[0.883s] -- Found OpenGL: /usr/lib/x86_64-linux-gnu/libOpenGL.so  found components: OpenGL GLX 
[0.941s] -- Found MPI_C: /usr/lib/x86_64-linux-gnu/libmpi.so (found version "3.1") 
[0.941s] -- Found MPI: TRUE (found version "3.1") found components: C 
[0.942s] -- Found JsonCpp: /usr/lib/x86_64-linux-gnu/libjsoncpp.so (found suitable version "1.9.5", minimum required is "0.7.0") 
[0.946s] -- Found ZLIB: /usr/lib/x86_64-linux-gnu/libz.so (found version "1.2.11") 
[0.955s] -- Found PNG: /usr/lib/x86_64-linux-gnu/libpng.so (found version "1.6.37") 
[0.960s] -- Found Eigen3: /usr/include/eigen3 (found version "3.4.0") 
[0.994s] -- Found X11: /usr/include   
[0.994s] -- Looking for XOpenDisplay in /usr/lib/x86_64-linux-gnu/libX11.so;/usr/lib/x86_64-linux-gnu/libXext.so
[1.024s] -- Looking for XOpenDisplay in /usr/lib/x86_64-linux-gnu/libX11.so;/usr/lib/x86_64-linux-gnu/libXext.so - found
[1.024s] -- Looking for gethostbyname
[1.052s] -- Looking for gethostbyname - found
[1.052s] -- Looking for connect
[1.079s] -- Looking for connect - found
[1.079s] -- Looking for remove
[1.106s] -- Looking for remove - found
[1.107s] -- Looking for shmat
[1.134s] -- Looking for shmat - found
[1.134s] -- Looking for IceConnectionNumber in ICE
[1.162s] -- Looking for IceConnectionNumber in ICE - found
[1.193s] -- Found EXPAT: /usr/lib/x86_64-linux-gnu/libexpat.so (found version "2.4.7") 
[1.194s] -- Found double-conversion: /usr/lib/x86_64-linux-gnu/libdouble-conversion.so  
[1.195s] -- Found LZ4: /usr/lib/x86_64-linux-gnu/liblz4.so (found version "1.9.3") 
[1.196s] -- Found LZMA: /usr/lib/x86_64-linux-gnu/liblzma.so (found version "5.2.5") 
[1.202s] -- Found JPEG: /usr/lib/x86_64-linux-gnu/libjpeg.so (found version "80") 
[1.204s] -- Found TIFF: /usr/lib/x86_64-linux-gnu/libtiff.so (found version "4.3.0")  
[1.206s] -- Found Freetype: /usr/lib/x86_64-linux-gnu/libfreetype.so (found version "2.11.1") 
[1.209s] -- Found utf8cpp: /usr/include/utf8cpp  
[1.239s] -- Checking for module 'libusb-1.0'
[1.244s] --   Found libusb-1.0, version 1.0.25
[1.256s] -- Found libusb: /usr/lib/x86_64-linux-gnu/libusb-1.0.so  
[1.257s] -- Found OpenNI: /usr/lib/libOpenNI.so;libusb::libusb (found version "1.5.4.0") 
[1.257s] -- OpenNI found (version: 1.5.4.0, include: /usr/include/ni, lib: /usr/lib/libOpenNI.so;libusb::libusb)
[1.276s] -- Found OpenNI2: /usr/lib/x86_64-linux-gnu/libOpenNI2.so;libusb::libusb (found version "2.2.0.33") 
[1.276s] -- OpenNI2 found (version: 2.2.0.33, include: /usr/include/openni2, lib: /usr/lib/x86_64-linux-gnu/libOpenNI2.so;libusb::libusb)
[1.276s] [0m** WARNING ** io features related to pcap will be disabled[0m
[1.348s] -- Eigen found (include: /usr/include/eigen3, version: 3.4.0)
[1.351s] -- OpenNI found (version: 1.5.4.0, include: /usr/include/ni, lib: /usr/lib/libOpenNI.so;libusb::libusb)
[1.354s] -- OpenNI2 found (version: 2.2.0.33, include: /usr/include/openni2, lib: /usr/lib/x86_64-linux-gnu/libOpenNI2.so;libusb::libusb)
[1.421s] -- Found Qhull version 8.0.2
[1.490s] -- OpenNI found (version: 1.5.4.0, include: /usr/include/ni, lib: /usr/lib/libOpenNI.so;libusb::libusb)
[1.559s] -- looking for PCL_COMMON
[1.559s] -- Found PCL_COMMON: /usr/lib/x86_64-linux-gnu/libpcl_common.so  
[1.559s] -- looking for PCL_KDTREE
[1.560s] -- Found PCL_KDTREE: /usr/lib/x86_64-linux-gnu/libpcl_kdtree.so  
[1.560s] -- looking for PCL_OCTREE
[1.560s] -- Found PCL_OCTREE: /usr/lib/x86_64-linux-gnu/libpcl_octree.so  
[1.560s] -- looking for PCL_SEARCH
[1.560s] -- Found PCL_SEARCH: /usr/lib/x86_64-linux-gnu/libpcl_search.so  
[1.560s] -- looking for PCL_SAMPLE_CONSENSUS
[1.561s] -- Found PCL_SAMPLE_CONSENSUS: /usr/lib/x86_64-linux-gnu/libpcl_sample_consensus.so  
[1.561s] -- looking for PCL_FILTERS
[1.561s] -- Found PCL_FILTERS: /usr/lib/x86_64-linux-gnu/libpcl_filters.so  
[1.561s] -- looking for PCL_2D
[1.561s] -- Found PCL_2D: /usr/include/pcl-1.12  
[1.561s] -- looking for PCL_GEOMETRY
[1.561s] -- Found PCL_GEOMETRY: /usr/include/pcl-1.12  
[1.561s] -- looking for PCL_IO
[1.562s] -- Found PCL_IO: /usr/lib/x86_64-linux-gnu/libpcl_io.so  
[1.562s] -- looking for PCL_FEATURES
[1.562s] -- Found PCL_FEATURES: /usr/lib/x86_64-linux-gnu/libpcl_features.so  
[1.562s] -- looking for PCL_ML
[1.563s] -- Found PCL_ML: /usr/lib/x86_64-linux-gnu/libpcl_ml.so  
[1.563s] -- looking for PCL_SEGMENTATION
[1.563s] -- Found PCL_SEGMENTATION: /usr/lib/x86_64-linux-gnu/libpcl_segmentation.so  
[1.563s] -- looking for PCL_VISUALIZATION
[1.564s] -- Found PCL_VISUALIZATION: /usr/lib/x86_64-linux-gnu/libpcl_visualization.so  
[1.564s] -- looking for PCL_SURFACE
[1.564s] -- Found PCL_SURFACE: /usr/lib/x86_64-linux-gnu/libpcl_surface.so  
[1.564s] -- looking for PCL_REGISTRATION
[1.565s] -- Found PCL_REGISTRATION: /usr/lib/x86_64-linux-gnu/libpcl_registration.so  
[1.565s] -- looking for PCL_KEYPOINTS
[1.565s] -- Found PCL_KEYPOINTS: /usr/lib/x86_64-linux-gnu/libpcl_keypoints.so  
[1.565s] -- looking for PCL_TRACKING
[1.565s] -- Found PCL_TRACKING: /usr/lib/x86_64-linux-gnu/libpcl_tracking.so  
[1.566s] -- looking for PCL_RECOGNITION
[1.566s] -- Found PCL_RECOGNITION: /usr/lib/x86_64-linux-gnu/libpcl_recognition.so  
[1.566s] -- looking for PCL_STEREO
[1.566s] -- Found PCL_STEREO: /usr/lib/x86_64-linux-gnu/libpcl_stereo.so  
[1.567s] -- looking for PCL_APPS
[1.567s] -- Found PCL_APPS: /usr/lib/x86_64-linux-gnu/libpcl_apps.so  
[1.567s] -- looking for PCL_IN_HAND_SCANNER
[1.567s] -- Found PCL_IN_HAND_SCANNER: /usr/include/pcl-1.12  
[1.567s] -- looking for PCL_MODELER
[1.567s] -- Found PCL_MODELER: /usr/include/pcl-1.12  
[1.567s] -- looking for PCL_POINT_CLOUD_EDITOR
[1.568s] -- Found PCL_POINT_CLOUD_EDITOR: /usr/include/pcl-1.12  
[1.568s] -- looking for PCL_OUTOFCORE
[1.568s] -- Found PCL_OUTOFCORE: /usr/lib/x86_64-linux-gnu/libpcl_outofcore.so  
[1.568s] -- looking for PCL_PEOPLE
[1.568s] -- Found PCL_PEOPLE: /usr/lib/x86_64-linux-gnu/libpcl_people.so  
[1.569s] -- Found PCL: pcl_common;pcl_kdtree;pcl_octree;pcl_search;pcl_sample_consensus;pcl_filters;pcl_io;pcl_features;pcl_ml;pcl_segmentation;pcl_visualization;pcl_surface;pcl_registration;pcl_keypoints;pcl_tracking;pcl_recognition;pcl_stereo;pcl_apps;pcl_outofcore;pcl_people;Boost::system;Boost::filesystem;Boost::date_time;Boost::iostreams;Boost::serialization;/usr/lib/libOpenNI.so;libusb::libusb;/usr/lib/x86_64-linux-gnu/libOpenNI2.so;libusb::libusb;VTK::ChartsCore;VTK::CommonColor;VTK::CommonComputationalGeometry;VTK::CommonCore;VTK::CommonDataModel;VTK::CommonExecutionModel;VTK::CommonMath;VTK::CommonMisc;VTK::CommonTransforms;VTK::FiltersCore;VTK::FiltersExtraction;VTK::FiltersGeneral;VTK::FiltersGeometry;VTK::FiltersModeling;VTK::FiltersSources;VTK::ImagingCore;VTK::ImagingSources;VTK::InteractionImage;VTK::InteractionStyle;VTK::InteractionWidgets;VTK::IOCore;VTK::IOGeometry;VTK::IOImage;VTK::IOLegacy;VTK::IOPLY;VTK::RenderingAnnotation;VTK::RenderingCore;VTK::RenderingContext2D;VTK::RenderingLOD;VTK::RenderingFreeType;VTK::ViewsCore;VTK::ViewsContext2D;VTK::RenderingOpenGL2;VTK::GUISupportQt;FLANN::FLANN;QHULL::QHULL  
[1.571s] -- Found PkgConfig: /usr/bin/pkg-config (found version "0.29.2") 
[1.572s] -- Checking for module 'apr-1'
[1.573s] --   No package 'apr-1' found
[1.668s] -- Found ament_cmake_ros: 0.10.0 (/opt/ros/humble/share/ament_cmake_ros/cmake)
[1.766s] -- Using all available rosidl_typesupport_c: rosidl_typesupport_fastrtps_c;rosidl_typesupport_introspection_c
[1.893s] -- Using all available rosidl_typesupport_cpp: rosidl_typesupport_fastrtps_cpp;rosidl_typesupport_introspection_cpp
[1.904s] -- Found PythonInterp: /usr/bin/python3 (found suitable version "3.10.6", minimum required is "3.6") 
[1.904s] -- Found python_cmake_module: 0.10.0 (/opt/ros/humble/share/python_cmake_module/cmake)
[1.917s] -- Found PythonLibs: /usr/lib/x86_64-linux-gnu/libpython3.10.so (found suitable version "3.10.6", minimum required is "3.5") 
[1.917s] -- Using PYTHON_EXECUTABLE: /usr/bin/python3
[1.917s] -- Using PYTHON_INCLUDE_DIRS: /usr/include/python3.10
[1.917s] -- Using PYTHON_LIBRARIES: /usr/lib/x86_64-linux-gnu/libpython3.10.so
[1.926s] -- Found PythonExtra: .so  
[1.992s] -- Found ament_lint_auto: 0.12.6 (/opt/ros/humble/share/ament_lint_auto/cmake)
[2.003s] -- Added test 'copyright' to check source files copyright and LICENSE
[2.005s] -- Added test 'cppcheck' to perform static code analysis on C / C++ code
[2.005s] -- Configured cppcheck include dirs: /home/wbc/Projects/tinker_git_repo/tk23_ws/src/livox_driver/3rdparty;/home/wbc/Projects/tinker_git_repo/tk23_ws/src/livox_driver/src
[2.005s] -- Configured cppcheck exclude dirs and/or files: 
[2.007s] -- Added test 'cpplint' to check C / C++ code against the Google style
[2.007s] -- Configured cpplint exclude dirs and/or files: 
[2.007s] -- Added test 'flake8' to check Python code syntax and style conventions
[2.008s] -- Added test 'lint_cmake' to check CMake code style
[2.008s] -- Added test 'pep257' to check Python code against some of the docstring style conventions in PEP 257
[2.009s] -- Added test 'uncrustify' to check C / C++ code style
[2.009s] -- Configured uncrustify additional arguments: 
[2.010s] -- Added test 'xmllint' to check XML markup files
[2.011s] -- Configuring done
[2.053s] -- Generating done
[2.055s] -- Build files have been written to: /home/wbc/Projects/tinker_git_repo/tk23_ws/build/livox_ros_driver2
[2.065s] Invoked command in '/home/wbc/Projects/tinker_git_repo/tk23_ws/build/livox_ros_driver2' returned '0': CMAKE_PREFIX_PATH=${CMAKE_PREFIX_PATH}:/opt/ros/humble /usr/bin/cmake /home/wbc/Projects/tinker_git_repo/tk23_ws/src/livox_driver -DROS_EDITION=ROS2 -DHUMBLE_ROS=humble -DCMAKE_INSTALL_PREFIX=/home/wbc/Projects/tinker_git_repo/tk23_ws/install/livox_ros_driver2
[2.066s] Invoking command in '/home/wbc/Projects/tinker_git_repo/tk23_ws/build/livox_ros_driver2': CMAKE_PREFIX_PATH=${CMAKE_PREFIX_PATH}:/opt/ros/humble /usr/bin/cmake --build /home/wbc/Projects/tinker_git_repo/tk23_ws/build/livox_ros_driver2 -- -j24 -l24
[2.083s] [  1%] [34m[1mGenerating C code for ROS interfaces[0m
[2.087s] [  3%] [34m[1mGenerating C++ code for ROS interfaces[0m
[2.087s] [  5%] [32mBuilding CXX object CMakeFiles/livox_ros_driver2_node.dir/rclcpp_components/node_main_livox_ros_driver2_node.cpp.o[0m
[2.089s] [  5%] Built target ament_cmake_python_copy_livox_ros_driver2
[2.162s] running egg_info
[2.162s] creating livox_ros_driver2.egg-info
[2.166s] writing livox_ros_driver2.egg-info/PKG-INFO
[2.166s] writing dependency_links to livox_ros_driver2.egg-info/dependency_links.txt
[2.166s] writing top-level names to livox_ros_driver2.egg-info/top_level.txt
[2.166s] writing manifest file 'livox_ros_driver2.egg-info/SOURCES.txt'
[2.178s] reading manifest file 'livox_ros_driver2.egg-info/SOURCES.txt'
[2.179s] writing manifest file 'livox_ros_driver2.egg-info/SOURCES.txt'
[2.189s] [  5%] Built target ament_cmake_python_build_livox_ros_driver2_egg
[2.271s] [  5%] Built target livox_interfaces2__cpp
[2.272s] [  7%] [32mBuilding C object CMakeFiles/livox_interfaces2__rosidl_generator_c.dir/rosidl_generator_c/livox_ros_driver2/msg/detail/custom_point__functions.c.o[0m
[2.272s] [  8%] [32mBuilding C object CMakeFiles/livox_interfaces2__rosidl_generator_c.dir/rosidl_generator_c/livox_ros_driver2/msg/detail/custom_msg__functions.c.o[0m
[2.275s] [ 10%] [34m[1mGenerating C++ type support dispatch for ROS interfaces[0m
[2.275s] [ 12%] [34m[1mGenerating C++ type support for eProsima Fast-RTPS[0m
[2.275s] [ 14%] [34m[1mGenerating C++ introspection for ROS interfaces[0m
[2.294s] [ 15%] [32m[1mLinking C shared library liblivox_ros_driver2__rosidl_generator_c.so[0m
[2.310s] [ 15%] Built target livox_interfaces2__rosidl_generator_c
[2.314s] [ 21%] [34m[1mGenerating C type support dispatch for ROS interfaces[0m
[2.314s] [ 21%] [34m[1mGenerating C introspection for ROS interfaces[0m
[2.314s] [ 21%] [34m[1mGenerating C type support for eProsima Fast-RTPS[0m
[2.439s] [ 24%] [32mBuilding CXX object CMakeFiles/livox_interfaces2__rosidl_typesupport_cpp.dir/rosidl_typesupport_cpp/livox_ros_driver2/msg/custom_point__type_support.cpp.o[0m
[2.439s] [ 24%] [32mBuilding CXX object CMakeFiles/livox_interfaces2__rosidl_typesupport_cpp.dir/rosidl_typesupport_cpp/livox_ros_driver2/msg/custom_msg__type_support.cpp.o[0m
[2.449s] [ 26%] [32mBuilding CXX object CMakeFiles/livox_interfaces2__rosidl_typesupport_introspection_cpp.dir/rosidl_typesupport_introspection_cpp/livox_ros_driver2/msg/detail/custom_point__type_support.cpp.o[0m
[2.451s] [ 28%] [32mBuilding CXX object CMakeFiles/livox_interfaces2__rosidl_typesupport_introspection_cpp.dir/rosidl_typesupport_introspection_cpp/livox_ros_driver2/msg/detail/custom_msg__type_support.cpp.o[0m
[2.458s] [ 31%] [32mBuilding CXX object CMakeFiles/livox_interfaces2__rosidl_typesupport_fastrtps_cpp.dir/rosidl_typesupport_fastrtps_cpp/livox_ros_driver2/msg/detail/dds_fastrtps/custom_msg__type_support.cpp.o[0m
[2.458s] [ 31%] [32mBuilding CXX object CMakeFiles/livox_interfaces2__rosidl_typesupport_fastrtps_cpp.dir/rosidl_typesupport_fastrtps_cpp/livox_ros_driver2/msg/detail/dds_fastrtps/custom_point__type_support.cpp.o[0m
[2.483s] [ 35%] [32mBuilding CXX object CMakeFiles/livox_interfaces2__rosidl_typesupport_c.dir/rosidl_typesupport_c/livox_ros_driver2/msg/custom_point__type_support.cpp.o[0m
[2.483s] [ 35%] [32mBuilding CXX object CMakeFiles/livox_interfaces2__rosidl_typesupport_c.dir/rosidl_typesupport_c/livox_ros_driver2/msg/custom_msg__type_support.cpp.o[0m
[2.493s] [ 36%] [32mBuilding C object CMakeFiles/livox_interfaces2__rosidl_typesupport_introspection_c.dir/rosidl_typesupport_introspection_c/livox_ros_driver2/msg/detail/custom_point__type_support.c.o[0m
[2.494s] [ 38%] [32mBuilding C object CMakeFiles/livox_interfaces2__rosidl_typesupport_introspection_c.dir/rosidl_typesupport_introspection_c/livox_ros_driver2/msg/detail/custom_msg__type_support.c.o[0m
[2.495s] [ 40%] [32mBuilding CXX object CMakeFiles/livox_interfaces2__rosidl_typesupport_fastrtps_c.dir/rosidl_typesupport_fastrtps_c/livox_ros_driver2/msg/detail/custom_point__type_support_c.cpp.o[0m
[2.496s] [ 42%] [32mBuilding CXX object CMakeFiles/livox_interfaces2__rosidl_typesupport_fastrtps_c.dir/rosidl_typesupport_fastrtps_c/livox_ros_driver2/msg/detail/custom_msg__type_support_c.cpp.o[0m
[2.496s] [ 43%] [32m[1mLinking CXX shared library liblivox_ros_driver2__rosidl_typesupport_c.so[0m
[2.512s] [ 45%] [32m[1mLinking C shared library liblivox_ros_driver2__rosidl_typesupport_introspection_c.so[0m
[2.513s] [ 45%] Built target livox_interfaces2__rosidl_typesupport_c
[2.526s] [ 45%] Built target livox_interfaces2__rosidl_typesupport_introspection_c
[2.585s] [ 47%] [32m[1mLinking CXX shared library liblivox_ros_driver2__rosidl_typesupport_cpp.so[0m
[2.603s] [ 47%] Built target livox_interfaces2__rosidl_typesupport_cpp
[2.612s] [ 50%] [32mBuilding CXX object CMakeFiles/livox_ros_driver2.dir/src/comm/comm.cpp.o[0m
[2.612s] [ 50%] [32mBuilding CXX object CMakeFiles/livox_ros_driver2.dir/src/livox_ros_driver2.cpp.o[0m
[2.613s] [ 52%] [32mBuilding CXX object CMakeFiles/livox_ros_driver2.dir/src/lddc.cpp.o[0m
[2.613s] [ 56%] [32mBuilding CXX object CMakeFiles/livox_ros_driver2.dir/src/driver_node.cpp.o[0m
[2.613s] [ 57%] [32mBuilding CXX object CMakeFiles/livox_ros_driver2.dir/src/lds.cpp.o[0m
[2.613s] [ 57%] [32mBuilding CXX object CMakeFiles/livox_ros_driver2.dir/src/lds_lidar.cpp.o[0m
[2.613s] [ 59%] [32mBuilding CXX object CMakeFiles/livox_ros_driver2.dir/src/comm/ldq.cpp.o[0m
[2.613s] [ 61%] [32mBuilding CXX object CMakeFiles/livox_ros_driver2.dir/src/comm/semaphore.cpp.o[0m
[2.613s] [ 64%] [32mBuilding CXX object CMakeFiles/livox_ros_driver2.dir/src/comm/lidar_imu_data_queue.cpp.o[0m
[2.613s] [ 64%] [32mBuilding CXX object CMakeFiles/livox_ros_driver2.dir/src/comm/cache_index.cpp.o[0m
[2.613s] [ 66%] [32mBuilding CXX object CMakeFiles/livox_ros_driver2.dir/src/parse_cfg_file/parse_cfg_file.cpp.o[0m
[2.613s] [ 68%] [32mBuilding CXX object CMakeFiles/livox_ros_driver2.dir/src/comm/pub_handler.cpp.o[0m
[2.614s] [ 70%] [32mBuilding CXX object CMakeFiles/livox_ros_driver2.dir/src/parse_cfg_file/parse_livox_lidar_cfg.cpp.o[0m
[2.614s] [ 71%] [32mBuilding CXX object CMakeFiles/livox_ros_driver2.dir/src/call_back/livox_lidar_callback.cpp.o[0m
[2.614s] [ 73%] [32mBuilding CXX object CMakeFiles/livox_ros_driver2.dir/src/call_back/lidar_common_callback.cpp.o[0m
[2.624s] [ 75%] [32m[1mLinking CXX shared library liblivox_ros_driver2__rosidl_typesupport_introspection_cpp.so[0m
[2.652s] [ 77%] [32m[1mLinking CXX shared library liblivox_ros_driver2__rosidl_typesupport_fastrtps_cpp.so[0m
[2.660s] [ 78%] [32m[1mLinking CXX shared library liblivox_ros_driver2__rosidl_typesupport_fastrtps_c.so[0m
[2.683s] [ 78%] Built target livox_interfaces2__rosidl_typesupport_introspection_cpp
[2.696s] [ 78%] Built target livox_interfaces2__rosidl_typesupport_fastrtps_c
[2.707s] [ 78%] Built target livox_interfaces2__rosidl_typesupport_fastrtps_cpp
[2.720s] [ 78%] Built target livox_interfaces2
[2.732s] [ 80%] [34m[1mGenerating Python code for ROS interfaces[0m
[3.040s] [ 80%] Built target livox_interfaces2__py
[3.049s] [ 84%] [32mBuilding C object CMakeFiles/livox_interfaces2__rosidl_generator_py.dir/rosidl_generator_py/livox_ros_driver2/msg/_custom_point_s.c.o[0m
[3.049s] [ 84%] [32mBuilding C object CMakeFiles/livox_interfaces2__rosidl_generator_py.dir/rosidl_generator_py/livox_ros_driver2/msg/_custom_msg_s.c.o[0m
[3.109s] [ 85%] [32m[1mLinking C shared library rosidl_generator_py/livox_ros_driver2/liblivox_interfaces2__rosidl_generator_py.so[0m
[3.127s] [ 85%] Built target livox_interfaces2__rosidl_generator_py
[3.136s] [ 91%] [32mBuilding C object CMakeFiles/livox_ros_driver2__rosidl_typesupport_c__pyext.dir/rosidl_generator_py/livox_ros_driver2/_livox_ros_driver2_s.ep.rosidl_typesupport_c.c.o[0m
[3.136s] [ 91%] [32mBuilding C object CMakeFiles/livox_ros_driver2__rosidl_typesupport_fastrtps_c__pyext.dir/rosidl_generator_py/livox_ros_driver2/_livox_ros_driver2_s.ep.rosidl_typesupport_fastrtps_c.c.o[0m
[3.136s] [ 91%] [32mBuilding C object CMakeFiles/livox_ros_driver2__rosidl_typesupport_introspection_c__pyext.dir/rosidl_generator_py/livox_ros_driver2/_livox_ros_driver2_s.ep.rosidl_typesupport_introspection_c.c.o[0m
[3.180s] [ 94%] [32m[1mLinking C shared library rosidl_generator_py/livox_ros_driver2/livox_ros_driver2_s__rosidl_typesupport_fastrtps_c.cpython-310-x86_64-linux-gnu.so[0m
[3.180s] [ 94%] [32m[1mLinking C shared library rosidl_generator_py/livox_ros_driver2/livox_ros_driver2_s__rosidl_typesupport_introspection_c.cpython-310-x86_64-linux-gnu.so[0m
[3.180s] [ 96%] [32m[1mLinking C shared library rosidl_generator_py/livox_ros_driver2/livox_ros_driver2_s__rosidl_typesupport_c.cpython-310-x86_64-linux-gnu.so[0m
[3.196s] [ 96%] Built target livox_ros_driver2__rosidl_typesupport_introspection_c__pyext
[3.196s] [ 96%] Built target livox_ros_driver2__rosidl_typesupport_fastrtps_c__pyext
[3.196s] [ 96%] Built target livox_ros_driver2__rosidl_typesupport_c__pyext
[3.579s] [ 98%] [32m[1mLinking CXX executable livox_ros_driver2_node[0m
[3.640s] [ 98%] Built target livox_ros_driver2_node
[6.256s] [100%] [32m[1mLinking CXX shared library liblivox_ros_driver2.so[0m
[6.606s] [100%] Built target livox_ros_driver2
[6.611s] Invoked command in '/home/wbc/Projects/tinker_git_repo/tk23_ws/build/livox_ros_driver2' returned '0': CMAKE_PREFIX_PATH=${CMAKE_PREFIX_PATH}:/opt/ros/humble /usr/bin/cmake --build /home/wbc/Projects/tinker_git_repo/tk23_ws/build/livox_ros_driver2 -- -j24 -l24
[6.650s] Invoking command in '/home/wbc/Projects/tinker_git_repo/tk23_ws/build/livox_ros_driver2': CMAKE_PREFIX_PATH=${CMAKE_PREFIX_PATH}:/opt/ros/humble /usr/bin/cmake --install /home/wbc/Projects/tinker_git_repo/tk23_ws/build/livox_ros_driver2
[6.653s] -- Install configuration: ""
[6.653s] -- Installing: /home/wbc/Projects/tinker_git_repo/tk23_ws/install/livox_ros_driver2/share/ament_index/resource_index/rosidl_interfaces/livox_ros_driver2
[6.653s] -- Installing: /home/wbc/Projects/tinker_git_repo/tk23_ws/install/livox_ros_driver2/include/livox_ros_driver2/livox_ros_driver2
[6.653s] -- Installing: /home/wbc/Projects/tinker_git_repo/tk23_ws/install/livox_ros_driver2/include/livox_ros_driver2/livox_ros_driver2/msg
[6.653s] -- Installing: /home/wbc/Projects/tinker_git_repo/tk23_ws/install/livox_ros_driver2/include/livox_ros_driver2/livox_ros_driver2/msg/detail
[6.653s] -- Installing: /home/wbc/Projects/tinker_git_repo/tk23_ws/install/livox_ros_driver2/include/livox_ros_driver2/livox_ros_driver2/msg/detail/custom_msg__struct.h
[6.653s] -- Installing: /home/wbc/Projects/tinker_git_repo/tk23_ws/install/livox_ros_driver2/include/livox_ros_driver2/livox_ros_driver2/msg/detail/custom_point__type_support.h
[6.653s] -- Installing: /home/wbc/Projects/tinker_git_repo/tk23_ws/install/livox_ros_driver2/include/livox_ros_driver2/livox_ros_driver2/msg/detail/custom_msg__type_support.h
[6.653s] -- Installing: /home/wbc/Projects/tinker_git_repo/tk23_ws/install/livox_ros_driver2/include/livox_ros_driver2/livox_ros_driver2/msg/detail/custom_msg__functions.c
[6.653s] -- Installing: /home/wbc/Projects/tinker_git_repo/tk23_ws/install/livox_ros_driver2/include/livox_ros_driver2/livox_ros_driver2/msg/detail/custom_msg__functions.h
[6.653s] -- Installing: /home/wbc/Projects/tinker_git_repo/tk23_ws/install/livox_ros_driver2/include/livox_ros_driver2/livox_ros_driver2/msg/detail/custom_point__functions.c
[6.653s] -- Installing: /home/wbc/Projects/tinker_git_repo/tk23_ws/install/livox_ros_driver2/include/livox_ros_driver2/livox_ros_driver2/msg/detail/custom_point__struct.h
[6.653s] -- Installing: /home/wbc/Projects/tinker_git_repo/tk23_ws/install/livox_ros_driver2/include/livox_ros_driver2/livox_ros_driver2/msg/detail/custom_point__functions.h
[6.653s] -- Installing: /home/wbc/Projects/tinker_git_repo/tk23_ws/install/livox_ros_driver2/include/livox_ros_driver2/livox_ros_driver2/msg/custom_point.h
[6.653s] -- Installing: /home/wbc/Projects/tinker_git_repo/tk23_ws/install/livox_ros_driver2/include/livox_ros_driver2/livox_ros_driver2/msg/rosidl_generator_c__visibility_control.h
[6.653s] -- Installing: /home/wbc/Projects/tinker_git_repo/tk23_ws/install/livox_ros_driver2/include/livox_ros_driver2/livox_ros_driver2/msg/custom_msg.h
[6.653s] -- Installing: /home/wbc/Projects/tinker_git_repo/tk23_ws/install/livox_ros_driver2/share/livox_ros_driver2/environment/library_path.sh
[6.653s] -- Installing: /home/wbc/Projects/tinker_git_repo/tk23_ws/install/livox_ros_driver2/share/livox_ros_driver2/environment/library_path.dsv
[6.653s] -- Installing: /home/wbc/Projects/tinker_git_repo/tk23_ws/install/livox_ros_driver2/lib/liblivox_ros_driver2__rosidl_generator_c.so
[6.653s] -- Set runtime path of "/home/wbc/Projects/tinker_git_repo/tk23_ws/install/livox_ros_driver2/lib/liblivox_ros_driver2__rosidl_generator_c.so" to ""
[6.654s] -- Up-to-date: /home/wbc/Projects/tinker_git_repo/tk23_ws/install/livox_ros_driver2/include/livox_ros_driver2/livox_ros_driver2
[6.654s] -- Up-to-date: /home/wbc/Projects/tinker_git_repo/tk23_ws/install/livox_ros_driver2/include/livox_ros_driver2/livox_ros_driver2/msg
[6.654s] -- Up-to-date: /home/wbc/Projects/tinker_git_repo/tk23_ws/install/livox_ros_driver2/include/livox_ros_driver2/livox_ros_driver2/msg/detail
[6.654s] -- Installing: /home/wbc/Projects/tinker_git_repo/tk23_ws/install/livox_ros_driver2/include/livox_ros_driver2/livox_ros_driver2/msg/detail/custom_msg__rosidl_typesupport_fastrtps_c.h
[6.654s] -- Installing: /home/wbc/Projects/tinker_git_repo/tk23_ws/install/livox_ros_driver2/include/livox_ros_driver2/livox_ros_driver2/msg/detail/custom_point__rosidl_typesupport_fastrtps_c.h
[6.654s] -- Installing: /home/wbc/Projects/tinker_git_repo/tk23_ws/install/livox_ros_driver2/include/livox_ros_driver2/livox_ros_driver2/msg/rosidl_typesupport_fastrtps_c__visibility_control.h
[6.654s] -- Installing: /home/wbc/Projects/tinker_git_repo/tk23_ws/install/livox_ros_driver2/lib/liblivox_ros_driver2__rosidl_typesupport_fastrtps_c.so
[6.654s] -- Set runtime path of "/home/wbc/Projects/tinker_git_repo/tk23_ws/install/livox_ros_driver2/lib/liblivox_ros_driver2__rosidl_typesupport_fastrtps_c.so" to ""
[6.654s] -- Up-to-date: /home/wbc/Projects/tinker_git_repo/tk23_ws/install/livox_ros_driver2/include/livox_ros_driver2/livox_ros_driver2
[6.654s] -- Up-to-date: /home/wbc/Projects/tinker_git_repo/tk23_ws/install/livox_ros_driver2/include/livox_ros_driver2/livox_ros_driver2/msg
[6.654s] -- Up-to-date: /home/wbc/Projects/tinker_git_repo/tk23_ws/install/livox_ros_driver2/include/livox_ros_driver2/livox_ros_driver2/msg/detail
[6.654s] -- Installing: /home/wbc/Projects/tinker_git_repo/tk23_ws/install/livox_ros_driver2/include/livox_ros_driver2/livox_ros_driver2/msg/detail/custom_point__rosidl_typesupport_introspection_c.h
[6.654s] -- Installing: /home/wbc/Projects/tinker_git_repo/tk23_ws/install/livox_ros_driver2/include/livox_ros_driver2/livox_ros_driver2/msg/detail/custom_msg__type_support.c
[6.654s] -- Installing: /home/wbc/Projects/tinker_git_repo/tk23_ws/install/livox_ros_driver2/include/livox_ros_driver2/livox_ros_driver2/msg/detail/custom_point__type_support.c
[6.654s] -- Installing: /home/wbc/Projects/tinker_git_repo/tk23_ws/install/livox_ros_driver2/include/livox_ros_driver2/livox_ros_driver2/msg/detail/custom_msg__rosidl_typesupport_introspection_c.h
[6.654s] -- Installing: /home/wbc/Projects/tinker_git_repo/tk23_ws/install/livox_ros_driver2/include/livox_ros_driver2/livox_ros_driver2/msg/rosidl_typesupport_introspection_c__visibility_control.h
[6.654s] -- Installing: /home/wbc/Projects/tinker_git_repo/tk23_ws/install/livox_ros_driver2/lib/liblivox_ros_driver2__rosidl_typesupport_introspection_c.so
[6.654s] -- Set runtime path of "/home/wbc/Projects/tinker_git_repo/tk23_ws/install/livox_ros_driver2/lib/liblivox_ros_driver2__rosidl_typesupport_introspection_c.so" to ""
[6.654s] -- Installing: /home/wbc/Projects/tinker_git_repo/tk23_ws/install/livox_ros_driver2/lib/liblivox_ros_driver2__rosidl_typesupport_c.so
[6.654s] -- Set runtime path of "/home/wbc/Projects/tinker_git_repo/tk23_ws/install/livox_ros_driver2/lib/liblivox_ros_driver2__rosidl_typesupport_c.so" to ""
[6.654s] -- Up-to-date: /home/wbc/Projects/tinker_git_repo/tk23_ws/install/livox_ros_driver2/include/livox_ros_driver2/livox_ros_driver2
[6.654s] -- Up-to-date: /home/wbc/Projects/tinker_git_repo/tk23_ws/install/livox_ros_driver2/include/livox_ros_driver2/livox_ros_driver2/msg
[6.654s] -- Up-to-date: /home/wbc/Projects/tinker_git_repo/tk23_ws/install/livox_ros_driver2/include/livox_ros_driver2/livox_ros_driver2/msg/detail
[6.654s] -- Installing: /home/wbc/Projects/tinker_git_repo/tk23_ws/install/livox_ros_driver2/include/livox_ros_driver2/livox_ros_driver2/msg/detail/custom_msg__builder.hpp
[6.654s] -- Installing: /home/wbc/Projects/tinker_git_repo/tk23_ws/install/livox_ros_driver2/include/livox_ros_driver2/livox_ros_driver2/msg/detail/custom_point__builder.hpp
[6.654s] -- Installing: /home/wbc/Projects/tinker_git_repo/tk23_ws/install/livox_ros_driver2/include/livox_ros_driver2/livox_ros_driver2/msg/detail/custom_msg__traits.hpp
[6.654s] -- Installing: /home/wbc/Projects/tinker_git_repo/tk23_ws/install/livox_ros_driver2/include/livox_ros_driver2/livox_ros_driver2/msg/detail/custom_msg__struct.hpp
[6.654s] -- Installing: /home/wbc/Projects/tinker_git_repo/tk23_ws/install/livox_ros_driver2/include/livox_ros_driver2/livox_ros_driver2/msg/detail/custom_point__traits.hpp
[6.654s] -- Installing: /home/wbc/Projects/tinker_git_repo/tk23_ws/install/livox_ros_driver2/include/livox_ros_driver2/livox_ros_driver2/msg/detail/custom_point__struct.hpp
[6.654s] -- Installing: /home/wbc/Projects/tinker_git_repo/tk23_ws/install/livox_ros_driver2/include/livox_ros_driver2/livox_ros_driver2/msg/custom_point.hpp
[6.654s] -- Installing: /home/wbc/Projects/tinker_git_repo/tk23_ws/install/livox_ros_driver2/include/livox_ros_driver2/livox_ros_driver2/msg/custom_msg.hpp
[6.654s] -- Up-to-date: /home/wbc/Projects/tinker_git_repo/tk23_ws/install/livox_ros_driver2/include/livox_ros_driver2/livox_ros_driver2
[6.654s] -- Up-to-date: /home/wbc/Projects/tinker_git_repo/tk23_ws/install/livox_ros_driver2/include/livox_ros_driver2/livox_ros_driver2/msg
[6.655s] -- Up-to-date: /home/wbc/Projects/tinker_git_repo/tk23_ws/install/livox_ros_driver2/include/livox_ros_driver2/livox_ros_driver2/msg/detail
[6.655s] -- Installing: /home/wbc/Projects/tinker_git_repo/tk23_ws/install/livox_ros_driver2/include/livox_ros_driver2/livox_ros_driver2/msg/detail/dds_fastrtps
[6.655s] -- Installing: /home/wbc/Projects/tinker_git_repo/tk23_ws/install/livox_ros_driver2/include/livox_ros_driver2/livox_ros_driver2/msg/detail/custom_point__rosidl_typesupport_fastrtps_cpp.hpp
[6.655s] -- Installing: /home/wbc/Projects/tinker_git_repo/tk23_ws/install/livox_ros_driver2/include/livox_ros_driver2/livox_ros_driver2/msg/detail/custom_msg__rosidl_typesupport_fastrtps_cpp.hpp
[6.655s] -- Installing: /home/wbc/Projects/tinker_git_repo/tk23_ws/install/livox_ros_driver2/include/livox_ros_driver2/livox_ros_driver2/msg/rosidl_typesupport_fastrtps_cpp__visibility_control.h
[6.655s] -- Installing: /home/wbc/Projects/tinker_git_repo/tk23_ws/install/livox_ros_driver2/lib/liblivox_ros_driver2__rosidl_typesupport_fastrtps_cpp.so
[6.655s] -- Set runtime path of "/home/wbc/Projects/tinker_git_repo/tk23_ws/install/livox_ros_driver2/lib/liblivox_ros_driver2__rosidl_typesupport_fastrtps_cpp.so" to ""
[6.655s] -- Up-to-date: /home/wbc/Projects/tinker_git_repo/tk23_ws/install/livox_ros_driver2/include/livox_ros_driver2/livox_ros_driver2
[6.655s] -- Up-to-date: /home/wbc/Projects/tinker_git_repo/tk23_ws/install/livox_ros_driver2/include/livox_ros_driver2/livox_ros_driver2/msg
[6.655s] -- Up-to-date: /home/wbc/Projects/tinker_git_repo/tk23_ws/install/livox_ros_driver2/include/livox_ros_driver2/livox_ros_driver2/msg/detail
[6.655s] -- Installing: /home/wbc/Projects/tinker_git_repo/tk23_ws/install/livox_ros_driver2/include/livox_ros_driver2/livox_ros_driver2/msg/detail/custom_msg__type_support.cpp
[6.655s] -- Installing: /home/wbc/Projects/tinker_git_repo/tk23_ws/install/livox_ros_driver2/include/livox_ros_driver2/livox_ros_driver2/msg/detail/custom_point__rosidl_typesupport_introspection_cpp.hpp
[6.655s] -- Installing: /home/wbc/Projects/tinker_git_repo/tk23_ws/install/livox_ros_driver2/include/livox_ros_driver2/livox_ros_driver2/msg/detail/custom_point__type_support.cpp
[6.655s] -- Installing: /home/wbc/Projects/tinker_git_repo/tk23_ws/install/livox_ros_driver2/include/livox_ros_driver2/livox_ros_driver2/msg/detail/custom_msg__rosidl_typesupport_introspection_cpp.hpp
[6.655s] -- Installing: /home/wbc/Projects/tinker_git_repo/tk23_ws/install/livox_ros_driver2/lib/liblivox_ros_driver2__rosidl_typesupport_introspection_cpp.so
[6.655s] -- Set runtime path of "/home/wbc/Projects/tinker_git_repo/tk23_ws/install/livox_ros_driver2/lib/liblivox_ros_driver2__rosidl_typesupport_introspection_cpp.so" to ""
[6.655s] -- Installing: /home/wbc/Projects/tinker_git_repo/tk23_ws/install/livox_ros_driver2/lib/liblivox_ros_driver2__rosidl_typesupport_cpp.so
[6.655s] -- Set runtime path of "/home/wbc/Projects/tinker_git_repo/tk23_ws/install/livox_ros_driver2/lib/liblivox_ros_driver2__rosidl_typesupport_cpp.so" to ""
[6.655s] -- Installing: /home/wbc/Projects/tinker_git_repo/tk23_ws/install/livox_ros_driver2/share/livox_ros_driver2/environment/pythonpath.sh
[6.655s] -- Installing: /home/wbc/Projects/tinker_git_repo/tk23_ws/install/livox_ros_driver2/share/livox_ros_driver2/environment/pythonpath.dsv
[6.655s] -- Installing: /home/wbc/Projects/tinker_git_repo/tk23_ws/install/livox_ros_driver2/local/lib/python3.10/dist-packages/livox_ros_driver2-1.0.0-py3.10.egg-info
[6.655s] -- Installing: /home/wbc/Projects/tinker_git_repo/tk23_ws/install/livox_ros_driver2/local/lib/python3.10/dist-packages/livox_ros_driver2-1.0.0-py3.10.egg-info/SOURCES.txt
[6.655s] -- Installing: /home/wbc/Projects/tinker_git_repo/tk23_ws/install/livox_ros_driver2/local/lib/python3.10/dist-packages/livox_ros_driver2-1.0.0-py3.10.egg-info/dependency_links.txt
[6.655s] -- Installing: /home/wbc/Projects/tinker_git_repo/tk23_ws/install/livox_ros_driver2/local/lib/python3.10/dist-packages/livox_ros_driver2-1.0.0-py3.10.egg-info/top_level.txt
[6.655s] -- Installing: /home/wbc/Projects/tinker_git_repo/tk23_ws/install/livox_ros_driver2/local/lib/python3.10/dist-packages/livox_ros_driver2-1.0.0-py3.10.egg-info/PKG-INFO
[6.655s] -- Installing: /home/wbc/Projects/tinker_git_repo/tk23_ws/install/livox_ros_driver2/local/lib/python3.10/dist-packages/livox_ros_driver2
[6.655s] -- Installing: /home/wbc/Projects/tinker_git_repo/tk23_ws/install/livox_ros_driver2/local/lib/python3.10/dist-packages/livox_ros_driver2/_livox_ros_driver2_s.ep.rosidl_typesupport_fastrtps_c.c
[6.655s] -- Installing: /home/wbc/Projects/tinker_git_repo/tk23_ws/install/livox_ros_driver2/local/lib/python3.10/dist-packages/livox_ros_driver2/msg
[6.655s] -- Installing: /home/wbc/Projects/tinker_git_repo/tk23_ws/install/livox_ros_driver2/local/lib/python3.10/dist-packages/livox_ros_driver2/msg/_custom_point.py
[6.655s] -- Installing: /home/wbc/Projects/tinker_git_repo/tk23_ws/install/livox_ros_driver2/local/lib/python3.10/dist-packages/livox_ros_driver2/msg/_custom_point_s.c
[6.655s] -- Installing: /home/wbc/Projects/tinker_git_repo/tk23_ws/install/livox_ros_driver2/local/lib/python3.10/dist-packages/livox_ros_driver2/msg/__init__.py
[6.656s] -- Installing: /home/wbc/Projects/tinker_git_repo/tk23_ws/install/livox_ros_driver2/local/lib/python3.10/dist-packages/livox_ros_driver2/msg/_custom_msg.py
[6.656s] -- Installing: /home/wbc/Projects/tinker_git_repo/tk23_ws/install/livox_ros_driver2/local/lib/python3.10/dist-packages/livox_ros_driver2/msg/_custom_msg_s.c
[6.656s] -- Installing: /home/wbc/Projects/tinker_git_repo/tk23_ws/install/livox_ros_driver2/local/lib/python3.10/dist-packages/livox_ros_driver2/livox_ros_driver2_s__rosidl_typesupport_c.cpython-310-x86_64-linux-gnu.so
[6.656s] -- Installing: /home/wbc/Projects/tinker_git_repo/tk23_ws/install/livox_ros_driver2/local/lib/python3.10/dist-packages/livox_ros_driver2/livox_ros_driver2_s__rosidl_typesupport_fastrtps_c.cpython-310-x86_64-linux-gnu.so
[6.656s] -- Installing: /home/wbc/Projects/tinker_git_repo/tk23_ws/install/livox_ros_driver2/local/lib/python3.10/dist-packages/livox_ros_driver2/__init__.py
[6.656s] -- Installing: /home/wbc/Projects/tinker_git_repo/tk23_ws/install/livox_ros_driver2/local/lib/python3.10/dist-packages/livox_ros_driver2/_livox_ros_driver2_s.ep.rosidl_typesupport_c.c
[6.656s] -- Installing: /home/wbc/Projects/tinker_git_repo/tk23_ws/install/livox_ros_driver2/local/lib/python3.10/dist-packages/livox_ros_driver2/_livox_ros_driver2_s.ep.rosidl_typesupport_introspection_c.c
[6.656s] -- Installing: /home/wbc/Projects/tinker_git_repo/tk23_ws/install/livox_ros_driver2/local/lib/python3.10/dist-packages/livox_ros_driver2/liblivox_interfaces2__rosidl_generator_py.so
[6.656s] -- Installing: /home/wbc/Projects/tinker_git_repo/tk23_ws/install/livox_ros_driver2/local/lib/python3.10/dist-packages/livox_ros_driver2/livox_ros_driver2_s__rosidl_typesupport_introspection_c.cpython-310-x86_64-linux-gnu.so
[6.672s] Listing '/home/wbc/Projects/tinker_git_repo/tk23_ws/install/livox_ros_driver2/local/lib/python3.10/dist-packages/livox_ros_driver2'...
[6.672s] Compiling '/home/wbc/Projects/tinker_git_repo/tk23_ws/install/livox_ros_driver2/local/lib/python3.10/dist-packages/livox_ros_driver2/__init__.py'...
[6.672s] Listing '/home/wbc/Projects/tinker_git_repo/tk23_ws/install/livox_ros_driver2/local/lib/python3.10/dist-packages/livox_ros_driver2/msg'...
[6.672s] Compiling '/home/wbc/Projects/tinker_git_repo/tk23_ws/install/livox_ros_driver2/local/lib/python3.10/dist-packages/livox_ros_driver2/msg/__init__.py'...
[6.672s] Compiling '/home/wbc/Projects/tinker_git_repo/tk23_ws/install/livox_ros_driver2/local/lib/python3.10/dist-packages/livox_ros_driver2/msg/_custom_msg.py'...
[6.672s] Compiling '/home/wbc/Projects/tinker_git_repo/tk23_ws/install/livox_ros_driver2/local/lib/python3.10/dist-packages/livox_ros_driver2/msg/_custom_point.py'...
[6.674s] -- Installing: /home/wbc/Projects/tinker_git_repo/tk23_ws/install/livox_ros_driver2/local/lib/python3.10/dist-packages/livox_ros_driver2/livox_ros_driver2_s__rosidl_typesupport_fastrtps_c.cpython-310-x86_64-linux-gnu.so
[6.674s] -- Set runtime path of "/home/wbc/Projects/tinker_git_repo/tk23_ws/install/livox_ros_driver2/local/lib/python3.10/dist-packages/livox_ros_driver2/livox_ros_driver2_s__rosidl_typesupport_fastrtps_c.cpython-310-x86_64-linux-gnu.so" to ""
[6.674s] -- Installing: /home/wbc/Projects/tinker_git_repo/tk23_ws/install/livox_ros_driver2/local/lib/python3.10/dist-packages/livox_ros_driver2/livox_ros_driver2_s__rosidl_typesupport_introspection_c.cpython-310-x86_64-linux-gnu.so
[6.674s] -- Set runtime path of "/home/wbc/Projects/tinker_git_repo/tk23_ws/install/livox_ros_driver2/local/lib/python3.10/dist-packages/livox_ros_driver2/livox_ros_driver2_s__rosidl_typesupport_introspection_c.cpython-310-x86_64-linux-gnu.so" to ""
[6.674s] -- Installing: /home/wbc/Projects/tinker_git_repo/tk23_ws/install/livox_ros_driver2/local/lib/python3.10/dist-packages/livox_ros_driver2/livox_ros_driver2_s__rosidl_typesupport_c.cpython-310-x86_64-linux-gnu.so
[6.674s] -- Set runtime path of "/home/wbc/Projects/tinker_git_repo/tk23_ws/install/livox_ros_driver2/local/lib/python3.10/dist-packages/livox_ros_driver2/livox_ros_driver2_s__rosidl_typesupport_c.cpython-310-x86_64-linux-gnu.so" to ""
[6.674s] -- Installing: /home/wbc/Projects/tinker_git_repo/tk23_ws/install/livox_ros_driver2/lib/liblivox_interfaces2__rosidl_generator_py.so
[6.674s] -- Set runtime path of "/home/wbc/Projects/tinker_git_repo/tk23_ws/install/livox_ros_driver2/lib/liblivox_interfaces2__rosidl_generator_py.so" to ""
[6.674s] -- Installing: /home/wbc/Projects/tinker_git_repo/tk23_ws/install/livox_ros_driver2/share/livox_ros_driver2/msg/CustomPoint.idl
[6.674s] -- Installing: /home/wbc/Projects/tinker_git_repo/tk23_ws/install/livox_ros_driver2/share/livox_ros_driver2/msg/CustomMsg.idl
[6.674s] -- Installing: /home/wbc/Projects/tinker_git_repo/tk23_ws/install/livox_ros_driver2/share/livox_ros_driver2/msg/CustomPoint.msg
[6.674s] -- Installing: /home/wbc/Projects/tinker_git_repo/tk23_ws/install/livox_ros_driver2/share/livox_ros_driver2/msg/CustomMsg.msg
[6.674s] -- Installing: /home/wbc/Projects/tinker_git_repo/tk23_ws/install/livox_ros_driver2/lib/livox_ros_driver2/livox_ros_driver2_node
[6.674s] -- Set runtime path of "/home/wbc/Projects/tinker_git_repo/tk23_ws/install/livox_ros_driver2/lib/livox_ros_driver2/livox_ros_driver2_node" to ""
[6.674s] -- Installing: /home/wbc/Projects/tinker_git_repo/tk23_ws/install/livox_ros_driver2/lib/liblivox_ros_driver2.so
[6.676s] -- Set runtime path of "/home/wbc/Projects/tinker_git_repo/tk23_ws/install/livox_ros_driver2/lib/liblivox_ros_driver2.so" to ""
[6.676s] -- Installing: /home/wbc/Projects/tinker_git_repo/tk23_ws/install/livox_ros_driver2/share/livox_ros_driver2/config
[6.676s] -- Installing: /home/wbc/Projects/tinker_git_repo/tk23_ws/install/livox_ros_driver2/share/livox_ros_driver2/config/mixed_HAP_MID360_config.json
[6.676s] -- Installing: /home/wbc/Projects/tinker_git_repo/tk23_ws/install/livox_ros_driver2/share/livox_ros_driver2/config/display_point_cloud_ROS2.rviz
[6.676s] -- Installing: /home/wbc/Projects/tinker_git_repo/tk23_ws/install/livox_ros_driver2/share/livox_ros_driver2/config/display_point_cloud_ROS1.rviz
[6.676s] -- Installing: /home/wbc/Projects/tinker_git_repo/tk23_ws/install/livox_ros_driver2/share/livox_ros_driver2/config/MID360_config.json
[6.676s] -- Installing: /home/wbc/Projects/tinker_git_repo/tk23_ws/install/livox_ros_driver2/share/livox_ros_driver2/config/HAP_config.json
[6.676s] -- Installing: /home/wbc/Projects/tinker_git_repo/tk23_ws/install/livox_ros_driver2/share/livox_ros_driver2/launch_ROS2
[6.676s] -- Installing: /home/wbc/Projects/tinker_git_repo/tk23_ws/install/livox_ros_driver2/share/livox_ros_driver2/launch_ROS2/rviz_MID360_launch.py
[6.677s] -- Installing: /home/wbc/Projects/tinker_git_repo/tk23_ws/install/livox_ros_driver2/share/livox_ros_driver2/launch_ROS2/rviz_HAP_launch.py
[6.677s] -- Installing: /home/wbc/Projects/tinker_git_repo/tk23_ws/install/livox_ros_driver2/share/livox_ros_driver2/launch_ROS2/msg_HAP_launch.py
[6.677s] -- Installing: /home/wbc/Projects/tinker_git_repo/tk23_ws/install/livox_ros_driver2/share/livox_ros_driver2/launch_ROS2/msg_MID360_launch.py
[6.677s] -- Installing: /home/wbc/Projects/tinker_git_repo/tk23_ws/install/livox_ros_driver2/share/livox_ros_driver2/launch_ROS2/rviz_mixed.py
[6.677s] -- Installing: /home/wbc/Projects/tinker_git_repo/tk23_ws/install/livox_ros_driver2/share/ament_index/resource_index/package_run_dependencies/livox_ros_driver2
[6.677s] -- Installing: /home/wbc/Projects/tinker_git_repo/tk23_ws/install/livox_ros_driver2/share/ament_index/resource_index/parent_prefix_path/livox_ros_driver2
[6.677s] -- Installing: /home/wbc/Projects/tinker_git_repo/tk23_ws/install/livox_ros_driver2/share/livox_ros_driver2/environment/ament_prefix_path.sh
[6.677s] -- Installing: /home/wbc/Projects/tinker_git_repo/tk23_ws/install/livox_ros_driver2/share/livox_ros_driver2/environment/ament_prefix_path.dsv
[6.677s] -- Installing: /home/wbc/Projects/tinker_git_repo/tk23_ws/install/livox_ros_driver2/share/livox_ros_driver2/environment/path.sh
[6.677s] -- Installing: /home/wbc/Projects/tinker_git_repo/tk23_ws/install/livox_ros_driver2/share/livox_ros_driver2/environment/path.dsv
[6.677s] -- Installing: /home/wbc/Projects/tinker_git_repo/tk23_ws/install/livox_ros_driver2/share/livox_ros_driver2/local_setup.bash
[6.677s] -- Installing: /home/wbc/Projects/tinker_git_repo/tk23_ws/install/livox_ros_driver2/share/livox_ros_driver2/local_setup.sh
[6.677s] -- Installing: /home/wbc/Projects/tinker_git_repo/tk23_ws/install/livox_ros_driver2/share/livox_ros_driver2/local_setup.zsh
[6.677s] -- Installing: /home/wbc/Projects/tinker_git_repo/tk23_ws/install/livox_ros_driver2/share/livox_ros_driver2/local_setup.dsv
[6.677s] -- Installing: /home/wbc/Projects/tinker_git_repo/tk23_ws/install/livox_ros_driver2/share/livox_ros_driver2/package.dsv
[6.677s] -- Installing: /home/wbc/Projects/tinker_git_repo/tk23_ws/install/livox_ros_driver2/share/ament_index/resource_index/packages/livox_ros_driver2
[6.677s] -- Installing: /home/wbc/Projects/tinker_git_repo/tk23_ws/install/livox_ros_driver2/share/livox_ros_driver2/cmake/export_livox_interfaces2__rosidl_generator_cExport.cmake
[6.677s] -- Installing: /home/wbc/Projects/tinker_git_repo/tk23_ws/install/livox_ros_driver2/share/livox_ros_driver2/cmake/export_livox_interfaces2__rosidl_generator_cExport-noconfig.cmake
[6.677s] -- Installing: /home/wbc/Projects/tinker_git_repo/tk23_ws/install/livox_ros_driver2/share/livox_ros_driver2/cmake/export_livox_interfaces2__rosidl_typesupport_fastrtps_cExport.cmake
[6.677s] -- Installing: /home/wbc/Projects/tinker_git_repo/tk23_ws/install/livox_ros_driver2/share/livox_ros_driver2/cmake/export_livox_interfaces2__rosidl_typesupport_fastrtps_cExport-noconfig.cmake
[6.677s] -- Installing: /home/wbc/Projects/tinker_git_repo/tk23_ws/install/livox_ros_driver2/share/livox_ros_driver2/cmake/livox_interfaces2__rosidl_typesupport_introspection_cExport.cmake
[6.677s] -- Installing: /home/wbc/Projects/tinker_git_repo/tk23_ws/install/livox_ros_driver2/share/livox_ros_driver2/cmake/livox_interfaces2__rosidl_typesupport_introspection_cExport-noconfig.cmake
[6.677s] -- Installing: /home/wbc/Projects/tinker_git_repo/tk23_ws/install/livox_ros_driver2/share/livox_ros_driver2/cmake/livox_interfaces2__rosidl_typesupport_cExport.cmake
[6.677s] -- Installing: /home/wbc/Projects/tinker_git_repo/tk23_ws/install/livox_ros_driver2/share/livox_ros_driver2/cmake/livox_interfaces2__rosidl_typesupport_cExport-noconfig.cmake
[6.677s] -- Installing: /home/wbc/Projects/tinker_git_repo/tk23_ws/install/livox_ros_driver2/share/livox_ros_driver2/cmake/export_livox_interfaces2__rosidl_generator_cppExport.cmake
[6.677s] -- Installing: /home/wbc/Projects/tinker_git_repo/tk23_ws/install/livox_ros_driver2/share/livox_ros_driver2/cmake/export_livox_interfaces2__rosidl_typesupport_fastrtps_cppExport.cmake
[6.678s] -- Installing: /home/wbc/Projects/tinker_git_repo/tk23_ws/install/livox_ros_driver2/share/livox_ros_driver2/cmake/export_livox_interfaces2__rosidl_typesupport_fastrtps_cppExport-noconfig.cmake
[6.678s] -- Installing: /home/wbc/Projects/tinker_git_repo/tk23_ws/install/livox_ros_driver2/share/livox_ros_driver2/cmake/livox_interfaces2__rosidl_typesupport_introspection_cppExport.cmake
[6.678s] -- Installing: /home/wbc/Projects/tinker_git_repo/tk23_ws/install/livox_ros_driver2/share/livox_ros_driver2/cmake/livox_interfaces2__rosidl_typesupport_introspection_cppExport-noconfig.cmake
[6.678s] -- Installing: /home/wbc/Projects/tinker_git_repo/tk23_ws/install/livox_ros_driver2/share/livox_ros_driver2/cmake/livox_interfaces2__rosidl_typesupport_cppExport.cmake
[6.678s] -- Installing: /home/wbc/Projects/tinker_git_repo/tk23_ws/install/livox_ros_driver2/share/livox_ros_driver2/cmake/livox_interfaces2__rosidl_typesupport_cppExport-noconfig.cmake
[6.678s] -- Installing: /home/wbc/Projects/tinker_git_repo/tk23_ws/install/livox_ros_driver2/share/livox_ros_driver2/cmake/export_livox_interfaces2__rosidl_generator_pyExport.cmake
[6.678s] -- Installing: /home/wbc/Projects/tinker_git_repo/tk23_ws/install/livox_ros_driver2/share/livox_ros_driver2/cmake/export_livox_interfaces2__rosidl_generator_pyExport-noconfig.cmake
[6.678s] -- Installing: /home/wbc/Projects/tinker_git_repo/tk23_ws/install/livox_ros_driver2/share/ament_index/resource_index/rclcpp_components/livox_ros_driver2
[6.678s] -- Installing: /home/wbc/Projects/tinker_git_repo/tk23_ws/install/livox_ros_driver2/share/livox_ros_driver2/cmake/rosidl_cmake-extras.cmake
[6.678s] -- Installing: /home/wbc/Projects/tinker_git_repo/tk23_ws/install/livox_ros_driver2/share/livox_ros_driver2/cmake/ament_cmake_export_dependencies-extras.cmake
[6.678s] -- Installing: /home/wbc/Projects/tinker_git_repo/tk23_ws/install/livox_ros_driver2/share/livox_ros_driver2/cmake/ament_cmake_export_include_directories-extras.cmake
[6.678s] -- Installing: /home/wbc/Projects/tinker_git_repo/tk23_ws/install/livox_ros_driver2/share/livox_ros_driver2/cmake/ament_cmake_export_libraries-extras.cmake
[6.678s] -- Installing: /home/wbc/Projects/tinker_git_repo/tk23_ws/install/livox_ros_driver2/share/livox_ros_driver2/cmake/ament_cmake_export_targets-extras.cmake
[6.678s] -- Installing: /home/wbc/Projects/tinker_git_repo/tk23_ws/install/livox_ros_driver2/share/livox_ros_driver2/cmake/rosidl_cmake_export_typesupport_targets-extras.cmake
[6.678s] -- Installing: /home/wbc/Projects/tinker_git_repo/tk23_ws/install/livox_ros_driver2/share/livox_ros_driver2/cmake/rosidl_cmake_export_typesupport_libraries-extras.cmake
[6.678s] -- Installing: /home/wbc/Projects/tinker_git_repo/tk23_ws/install/livox_ros_driver2/share/livox_ros_driver2/cmake/livox_ros_driver2Config.cmake
[6.678s] -- Installing: /home/wbc/Projects/tinker_git_repo/tk23_ws/install/livox_ros_driver2/share/livox_ros_driver2/cmake/livox_ros_driver2Config-version.cmake
[6.678s] -- Installing: /home/wbc/Projects/tinker_git_repo/tk23_ws/install/livox_ros_driver2/share/livox_ros_driver2/package.xml
[6.680s] Invoked command in '/home/wbc/Projects/tinker_git_repo/tk23_ws/build/livox_ros_driver2' returned '0': CMAKE_PREFIX_PATH=${CMAKE_PREFIX_PATH}:/opt/ros/humble /usr/bin/cmake --install /home/wbc/Projects/tinker_git_repo/tk23_ws/build/livox_ros_driver2
