[0.007s] Invoking command in '/home/wbc/Projects/tinker_git_repo/tk23_ws/build/livox_ros_driver2': /usr/bin/cmake /home/wbc/Projects/tinker_git_repo/tk23_ws/src/livox_driver -DCMAKE_INSTALL_PREFIX=/home/wbc/Projects/tinker_git_repo/tk23_ws/install/livox_ros_driver2
[0.030s] -- The C compiler identification is GNU 11.3.0
[0.053s] -- The CXX compiler identification is GNU 11.3.0
[0.056s] -- Detecting C compiler ABI info
[0.082s] -- Detecting C compiler ABI info - done
[0.086s] -- Check for working C compiler: /usr/bin/cc - skipped
[0.086s] -- Detecting C compile features
[0.086s] -- Detecting C compile features - done
[0.087s] -- Detecting CXX compiler ABI info
[0.118s] -- Detecting CXX compiler ABI info - done
[0.122s] -- Check for working CXX compiler: /usr/bin/c++ - skipped
[0.122s] -- Detecting CXX compile features
[0.122s] -- Detecting CXX compile features - done
[0.123s] -- livox_ros_driver2 version: 1.0.0
[0.124s] -- Found ament_cmake_auto: 1.3.5 (/opt/ros/humble/share/ament_cmake_auto/cmake)
[0.277s] -- Found Python3: /usr/bin/python3.10 (found version "3.10.6") found components: Interpreter 
[0.316s] [0mCMake Error: File /home/wbc/Projects/tinker_git_repo/tk23_ws/src/livox_driver/package.xml does not exist.[0m
[0.316s] [31mCMake Error at /opt/ros/humble/share/ament_cmake_core/cmake/core/stamp.cmake:24 (configure_file):
[0.316s]   configure_file Problem configuring file
[0.316s] Call Stack (most recent call first):
[0.316s]   /opt/ros/humble/share/ament_cmake_core/cmake/core/ament_package_xml.cmake:73 (stamp)
[0.316s]   /opt/ros/humble/share/ament_cmake_core/cmake/core/ament_package_xml.cmake:49 (_ament_package_xml)
[0.316s]   /opt/ros/humble/share/ament_cmake_auto/cmake/ament_auto_find_build_dependencies.cmake:42 (ament_package_xml)
[0.316s]   CMakeLists.txt:225 (ament_auto_find_build_dependencies)
[0.316s] 
[0.316s] [0m
[0.324s] -- Checking for module 'eigen3'
[0.328s] --   Found eigen3, version 3.4.0
[0.339s] -- Found Eigen: /usr/include/eigen3 (Required is at least version "3.1") 
[0.339s] -- Eigen found (include: /usr/include/eigen3, version: 3.4.0)
[0.350s] -- Found Boost: /usr/lib/x86_64-linux-gnu/cmake/Boost-1.74.0/BoostConfig.cmake (found suitable version "1.74.0", minimum required is "1.65.0") found components: system filesystem date_time iostreams serialization 
[0.358s] -- Checking for module 'flann'
[0.363s] --   Found flann, version 1.9.1
[0.381s] -- Found FLANN: /usr/lib/x86_64-linux-gnu/libflann_cpp.so  
[0.381s] -- FLANN found (include: /usr/include, lib: /usr/lib/x86_64-linux-gnu/libflann_cpp.so)
[0.400s] -- Looking for pthread.h
[0.435s] -- Looking for pthread.h - found
[0.435s] -- Performing Test CMAKE_HAVE_LIBC_PTHREAD
[0.464s] -- Performing Test CMAKE_HAVE_LIBC_PTHREAD - Success
[0.465s] -- Found Threads: TRUE  
[0.466s] -- Found GLEW: /usr/lib/x86_64-linux-gnu/libGLEW.so  
[0.469s] -- Found OpenGL: /usr/lib/x86_64-linux-gnu/libOpenGL.so  found components: OpenGL GLX 
[0.535s] -- Found MPI_C: /usr/lib/x86_64-linux-gnu/libmpi.so (found version "3.1") 
[0.535s] -- Found MPI: TRUE (found version "3.1") found components: C 
[0.537s] -- Found JsonCpp: /usr/lib/x86_64-linux-gnu/libjsoncpp.so (found suitable version "1.9.5", minimum required is "0.7.0") 
[0.541s] -- Found ZLIB: /usr/lib/x86_64-linux-gnu/libz.so (found version "1.2.11") 
[0.550s] -- Found PNG: /usr/lib/x86_64-linux-gnu/libpng.so (found version "1.6.37") 
[0.562s] -- Found Eigen3: /usr/include/eigen3 (found version "3.4.0") 
[0.596s] -- Found X11: /usr/include   
[0.597s] -- Looking for XOpenDisplay in /usr/lib/x86_64-linux-gnu/libX11.so;/usr/lib/x86_64-linux-gnu/libXext.so
[0.628s] -- Looking for XOpenDisplay in /usr/lib/x86_64-linux-gnu/libX11.so;/usr/lib/x86_64-linux-gnu/libXext.so - found
[0.628s] -- Looking for gethostbyname
[0.654s] -- Looking for gethostbyname - found
[0.655s] -- Looking for connect
[0.681s] -- Looking for connect - found
[0.681s] -- Looking for remove
[0.708s] -- Looking for remove - found
[0.708s] -- Looking for shmat
[0.735s] -- Looking for shmat - found
[0.735s] -- Looking for IceConnectionNumber in ICE
[0.763s] -- Looking for IceConnectionNumber in ICE - found
[0.794s] -- Found EXPAT: /usr/lib/x86_64-linux-gnu/libexpat.so (found version "2.4.7") 
[0.795s] -- Found double-conversion: /usr/lib/x86_64-linux-gnu/libdouble-conversion.so  
[0.796s] -- Found LZ4: /usr/lib/x86_64-linux-gnu/liblz4.so (found version "1.9.3") 
[0.798s] -- Found LZMA: /usr/lib/x86_64-linux-gnu/liblzma.so (found version "5.2.5") 
[0.829s] -- Found JPEG: /usr/lib/x86_64-linux-gnu/libjpeg.so (found version "80") 
[0.831s] -- Found TIFF: /usr/lib/x86_64-linux-gnu/libtiff.so (found version "4.3.0")  
[0.833s] -- Found Freetype: /usr/lib/x86_64-linux-gnu/libfreetype.so (found version "2.11.1") 
[0.837s] -- Found utf8cpp: /usr/include/utf8cpp  
[0.868s] -- Checking for module 'libusb-1.0'
[0.873s] --   Found libusb-1.0, version 1.0.25
[0.884s] -- Found libusb: /usr/lib/x86_64-linux-gnu/libusb-1.0.so  
[0.885s] -- Found OpenNI: /usr/lib/libOpenNI.so;libusb::libusb (found version "1.5.4.0") 
[0.885s] -- OpenNI found (version: 1.5.4.0, include: /usr/include/ni, lib: /usr/lib/libOpenNI.so;libusb::libusb)
[0.903s] -- Found OpenNI2: /usr/lib/x86_64-linux-gnu/libOpenNI2.so;libusb::libusb (found version "2.2.0.33") 
[0.904s] -- OpenNI2 found (version: 2.2.0.33, include: /usr/include/openni2, lib: /usr/lib/x86_64-linux-gnu/libOpenNI2.so;libusb::libusb)
[0.904s] [0m** WARNING ** io features related to pcap will be disabled[0m
[0.975s] -- Eigen found (include: /usr/include/eigen3, version: 3.4.0)
[0.977s] -- OpenNI found (version: 1.5.4.0, include: /usr/include/ni, lib: /usr/lib/libOpenNI.so;libusb::libusb)
[0.980s] -- OpenNI2 found (version: 2.2.0.33, include: /usr/include/openni2, lib: /usr/lib/x86_64-linux-gnu/libOpenNI2.so;libusb::libusb)
[1.047s] -- Found Qhull version 8.0.2
[1.116s] -- OpenNI found (version: 1.5.4.0, include: /usr/include/ni, lib: /usr/lib/libOpenNI.so;libusb::libusb)
[1.182s] -- looking for PCL_COMMON
[1.182s] -- Found PCL_COMMON: /usr/lib/x86_64-linux-gnu/libpcl_common.so  
[1.182s] -- looking for PCL_KDTREE
[1.183s] -- Found PCL_KDTREE: /usr/lib/x86_64-linux-gnu/libpcl_kdtree.so  
[1.183s] -- looking for PCL_OCTREE
[1.183s] -- Found PCL_OCTREE: /usr/lib/x86_64-linux-gnu/libpcl_octree.so  
[1.183s] -- looking for PCL_SEARCH
[1.183s] -- Found PCL_SEARCH: /usr/lib/x86_64-linux-gnu/libpcl_search.so  
[1.183s] -- looking for PCL_SAMPLE_CONSENSUS
[1.184s] -- Found PCL_SAMPLE_CONSENSUS: /usr/lib/x86_64-linux-gnu/libpcl_sample_consensus.so  
[1.184s] -- looking for PCL_FILTERS
[1.184s] -- Found PCL_FILTERS: /usr/lib/x86_64-linux-gnu/libpcl_filters.so  
[1.184s] -- looking for PCL_2D
[1.184s] -- Found PCL_2D: /usr/include/pcl-1.12  
[1.184s] -- looking for PCL_GEOMETRY
[1.184s] -- Found PCL_GEOMETRY: /usr/include/pcl-1.12  
[1.184s] -- looking for PCL_IO
[1.185s] -- Found PCL_IO: /usr/lib/x86_64-linux-gnu/libpcl_io.so  
[1.185s] -- looking for PCL_FEATURES
[1.185s] -- Found PCL_FEATURES: /usr/lib/x86_64-linux-gnu/libpcl_features.so  
[1.185s] -- looking for PCL_ML
[1.186s] -- Found PCL_ML: /usr/lib/x86_64-linux-gnu/libpcl_ml.so  
[1.186s] -- looking for PCL_SEGMENTATION
[1.186s] -- Found PCL_SEGMENTATION: /usr/lib/x86_64-linux-gnu/libpcl_segmentation.so  
[1.186s] -- looking for PCL_VISUALIZATION
[1.187s] -- Found PCL_VISUALIZATION: /usr/lib/x86_64-linux-gnu/libpcl_visualization.so  
[1.187s] -- looking for PCL_SURFACE
[1.187s] -- Found PCL_SURFACE: /usr/lib/x86_64-linux-gnu/libpcl_surface.so  
[1.187s] -- looking for PCL_REGISTRATION
[1.188s] -- Found PCL_REGISTRATION: /usr/lib/x86_64-linux-gnu/libpcl_registration.so  
[1.188s] -- looking for PCL_KEYPOINTS
[1.188s] -- Found PCL_KEYPOINTS: /usr/lib/x86_64-linux-gnu/libpcl_keypoints.so  
[1.188s] -- looking for PCL_TRACKING
[1.188s] -- Found PCL_TRACKING: /usr/lib/x86_64-linux-gnu/libpcl_tracking.so  
[1.189s] -- looking for PCL_RECOGNITION
[1.189s] -- Found PCL_RECOGNITION: /usr/lib/x86_64-linux-gnu/libpcl_recognition.so  
[1.189s] -- looking for PCL_STEREO
[1.189s] -- Found PCL_STEREO: /usr/lib/x86_64-linux-gnu/libpcl_stereo.so  
[1.190s] -- looking for PCL_APPS
[1.190s] -- Found PCL_APPS: /usr/lib/x86_64-linux-gnu/libpcl_apps.so  
[1.190s] -- looking for PCL_IN_HAND_SCANNER
[1.190s] -- Found PCL_IN_HAND_SCANNER: /usr/include/pcl-1.12  
[1.190s] -- looking for PCL_MODELER
[1.190s] -- Found PCL_MODELER: /usr/include/pcl-1.12  
[1.190s] -- looking for PCL_POINT_CLOUD_EDITOR
[1.191s] -- Found PCL_POINT_CLOUD_EDITOR: /usr/include/pcl-1.12  
[1.191s] -- looking for PCL_OUTOFCORE
[1.191s] -- Found PCL_OUTOFCORE: /usr/lib/x86_64-linux-gnu/libpcl_outofcore.so  
[1.191s] -- looking for PCL_PEOPLE
[1.192s] -- Found PCL_PEOPLE: /usr/lib/x86_64-linux-gnu/libpcl_people.so  
[1.192s] -- Found PCL: pcl_common;pcl_kdtree;pcl_octree;pcl_search;pcl_sample_consensus;pcl_filters;pcl_io;pcl_features;pcl_ml;pcl_segmentation;pcl_visualization;pcl_surface;pcl_registration;pcl_keypoints;pcl_tracking;pcl_recognition;pcl_stereo;pcl_apps;pcl_outofcore;pcl_people;Boost::system;Boost::filesystem;Boost::date_time;Boost::iostreams;Boost::serialization;/usr/lib/libOpenNI.so;libusb::libusb;/usr/lib/x86_64-linux-gnu/libOpenNI2.so;libusb::libusb;VTK::ChartsCore;VTK::CommonColor;VTK::CommonComputationalGeometry;VTK::CommonCore;VTK::CommonDataModel;VTK::CommonExecutionModel;VTK::CommonMath;VTK::CommonMisc;VTK::CommonTransforms;VTK::FiltersCore;VTK::FiltersExtraction;VTK::FiltersGeneral;VTK::FiltersGeometry;VTK::FiltersModeling;VTK::FiltersSources;VTK::ImagingCore;VTK::ImagingSources;VTK::InteractionImage;VTK::InteractionStyle;VTK::InteractionWidgets;VTK::IOCore;VTK::IOGeometry;VTK::IOImage;VTK::IOLegacy;VTK::IOPLY;VTK::RenderingAnnotation;VTK::RenderingCore;VTK::RenderingContext2D;VTK::RenderingLOD;VTK::RenderingFreeType;VTK::ViewsCore;VTK::ViewsContext2D;VTK::RenderingOpenGL2;VTK::GUISupportQt;FLANN::FLANN;QHULL::QHULL  
[1.193s] -- Found std_msgs: 4.2.3 (/opt/ros/humble/share/std_msgs/cmake)
[1.213s] -- Found rosidl_generator_c: 3.1.4 (/opt/ros/humble/share/rosidl_generator_c/cmake)
[1.217s] -- Found rosidl_adapter: 3.1.4 (/opt/ros/humble/share/rosidl_adapter/cmake)
[1.222s] -- Found rosidl_generator_cpp: 3.1.4 (/opt/ros/humble/share/rosidl_generator_cpp/cmake)
[1.231s] -- Using all available rosidl_typesupport_c: rosidl_typesupport_fastrtps_c;rosidl_typesupport_introspection_c
[1.243s] -- Using all available rosidl_typesupport_cpp: rosidl_typesupport_fastrtps_cpp;rosidl_typesupport_introspection_cpp
[1.273s] -- Found rosidl_default_generators: 1.2.0 (/opt/ros/humble/share/rosidl_default_generators/cmake)
[1.279s] -- Found PkgConfig: /usr/bin/pkg-config (found version "0.29.2") 
[1.280s] -- Checking for module 'apr-1'
[1.281s] --   No package 'apr-1' found
[1.342s] [0mCMake Error: File /home/wbc/Projects/tinker_git_repo/tk23_ws/src/livox_driver/package.xml does not exist.[0m
[1.342s] [31mCMake Error at /opt/ros/humble/share/ament_cmake_core/cmake/core/stamp.cmake:24 (configure_file):
[1.342s]   configure_file Problem configuring file
[1.342s] Call Stack (most recent call first):
[1.342s]   /opt/ros/humble/share/ament_cmake_core/cmake/core/ament_package_xml.cmake:73 (stamp)
[1.342s]   /opt/ros/humble/share/ament_cmake_core/cmake/core/ament_package_xml.cmake:49 (_ament_package_xml)
[1.342s]   /opt/ros/humble/share/rosidl_cmake/cmake/rosidl_generate_interfaces.cmake:226 (ament_package_xml)
[1.342s]   CMakeLists.txt:241 (rosidl_generate_interfaces)
[1.342s] 
[1.342s] [0m
[1.342s] [31mCMake Error at /opt/ros/humble/share/rosidl_cmake/cmake/rosidl_generate_interfaces.cmake:229 (message):
[1.342s]   Packages installing interfaces must include
[1.342s]   '<member_of_group>rosidl_interface_packages</member_of_group>' in their
[1.342s]   package.xml
[1.342s] Call Stack (most recent call first):
[1.342s]   CMakeLists.txt:241 (rosidl_generate_interfaces)
[1.342s] 
[1.342s] [0m
[1.342s] -- Configuring incomplete, errors occurred!
[1.342s] See also "/home/wbc/Projects/tinker_git_repo/tk23_ws/build/livox_ros_driver2/CMakeFiles/CMakeOutput.log".
[1.350s] Invoked command in '/home/wbc/Projects/tinker_git_repo/tk23_ws/build/livox_ros_driver2' returned '1': /usr/bin/cmake /home/wbc/Projects/tinker_git_repo/tk23_ws/src/livox_driver -DCMAKE_INSTALL_PREFIX=/home/wbc/Projects/tinker_git_repo/tk23_ws/install/livox_ros_driver2
