[0.105s] DEBUG:colcon:Command line arguments: ['/usr/bin/colcon', 'build']
[0.105s] DEBUG:colcon:Parsed command line arguments: Namespace(log_base=None, log_level=None, verb_name='build', build_base='build', install_base='install', merge_install=False, symlink_install=False, test_result_base=None, continue_on_error=False, executor='parallel', parallel_workers=24, event_handlers=None, ignore_user_meta=False, metas=['./colcon.meta'], base_paths=['.'], packages_ignore=None, packages_ignore_regex=None, paths=None, packages_up_to=None, packages_up_to_regex=None, packages_above=None, packages_above_and_dependencies=None, packages_above_depth=None, packages_select_by_dep=None, packages_skip_by_dep=None, packages_skip_up_to=None, packages_select_build_failed=False, packages_skip_build_finished=False, packages_select_test_failures=False, packages_skip_test_passed=False, packages_select=None, packages_skip=None, packages_select_regex=None, packages_skip_regex=None, packages_start=None, packages_end=None, allow_overriding=[], cmake_args=None, cmake_target=None, cmake_target_skip_unavailable=False, cmake_clean_cache=False, cmake_clean_first=False, cmake_force_configure=False, ament_cmake_args=None, catkin_cmake_args=None, catkin_skip_building_tests=False, verb_parser=<colcon_defaults.argument_parser.defaults.DefaultArgumentsDecorator object at 0x7f3b6da51930>, verb_extension=<colcon_core.verb.build.BuildVerb object at 0x7f3b6db572e0>, main=<bound method BuildVerb.main of <colcon_core.verb.build.BuildVerb object at 0x7f3b6db572e0>>)
[0.118s] Level 1:colcon.colcon_core.package_discovery:discover_packages(colcon_meta) check parameters
[0.118s] Level 1:colcon.colcon_core.package_discovery:discover_packages(recursive) check parameters
[0.118s] Level 1:colcon.colcon_core.package_discovery:discover_packages(ignore) check parameters
[0.118s] Level 1:colcon.colcon_core.package_discovery:discover_packages(path) check parameters
[0.118s] Level 1:colcon.colcon_core.package_discovery:discover_packages(colcon_meta) discover
[0.118s] Level 1:colcon.colcon_core.package_discovery:discover_packages(recursive) discover
[0.118s] INFO:colcon.colcon_core.package_discovery:Crawling recursively for packages in '/home/wbc/Projects/tinker_git_repo/tk23_ws'
[0.118s] Level 1:colcon.colcon_core.package_identification:_identify(.) by extensions ['ignore', 'ignore_ament_install']
[0.118s] Level 1:colcon.colcon_core.package_identification:_identify(.) by extension 'ignore'
[0.118s] Level 1:colcon.colcon_core.package_identification:_identify(.) by extension 'ignore_ament_install'
[0.118s] Level 1:colcon.colcon_core.package_identification:_identify(.) by extensions ['colcon_pkg']
[0.118s] Level 1:colcon.colcon_core.package_identification:_identify(.) by extension 'colcon_pkg'
[0.118s] Level 1:colcon.colcon_core.package_identification:_identify(.) by extensions ['colcon_meta']
[0.118s] Level 1:colcon.colcon_core.package_identification:_identify(.) by extension 'colcon_meta'
[0.118s] Level 1:colcon.colcon_core.package_identification:_identify(.) by extensions ['ros']
[0.118s] Level 1:colcon.colcon_core.package_identification:_identify(.) by extension 'ros'
[0.125s] Level 1:colcon.colcon_core.package_identification:_identify(.) by extensions ['cmake', 'python']
[0.125s] Level 1:colcon.colcon_core.package_identification:_identify(.) by extension 'cmake'
[0.125s] Level 1:colcon.colcon_core.package_identification:_identify(.) by extension 'python'
[0.125s] Level 1:colcon.colcon_core.package_identification:_identify(.) by extensions ['python_setup_py']
[0.125s] Level 1:colcon.colcon_core.package_identification:_identify(.) by extension 'python_setup_py'
[0.125s] Level 1:colcon.colcon_core.package_identification:_identify(build) by extensions ['ignore', 'ignore_ament_install']
[0.125s] Level 1:colcon.colcon_core.package_identification:_identify(build) by extension 'ignore'
[0.125s] Level 1:colcon.colcon_core.package_identification:_identify(build) ignored
[0.125s] Level 1:colcon.colcon_core.package_identification:_identify(install) by extensions ['ignore', 'ignore_ament_install']
[0.125s] Level 1:colcon.colcon_core.package_identification:_identify(install) by extension 'ignore'
[0.125s] Level 1:colcon.colcon_core.package_identification:_identify(install) ignored
[0.125s] Level 1:colcon.colcon_core.package_identification:_identify(log) by extensions ['ignore', 'ignore_ament_install']
[0.125s] Level 1:colcon.colcon_core.package_identification:_identify(log) by extension 'ignore'
[0.125s] Level 1:colcon.colcon_core.package_identification:_identify(log) ignored
[0.125s] Level 1:colcon.colcon_core.package_identification:_identify(src) by extensions ['ignore', 'ignore_ament_install']
[0.125s] Level 1:colcon.colcon_core.package_identification:_identify(src) by extension 'ignore'
[0.125s] Level 1:colcon.colcon_core.package_identification:_identify(src) by extension 'ignore_ament_install'
[0.125s] Level 1:colcon.colcon_core.package_identification:_identify(src) by extensions ['colcon_pkg']
[0.125s] Level 1:colcon.colcon_core.package_identification:_identify(src) by extension 'colcon_pkg'
[0.125s] Level 1:colcon.colcon_core.package_identification:_identify(src) by extensions ['colcon_meta']
[0.125s] Level 1:colcon.colcon_core.package_identification:_identify(src) by extension 'colcon_meta'
[0.125s] Level 1:colcon.colcon_core.package_identification:_identify(src) by extensions ['ros']
[0.125s] Level 1:colcon.colcon_core.package_identification:_identify(src) by extension 'ros'
[0.125s] Level 1:colcon.colcon_core.package_identification:_identify(src) by extensions ['cmake', 'python']
[0.125s] Level 1:colcon.colcon_core.package_identification:_identify(src) by extension 'cmake'
[0.125s] Level 1:colcon.colcon_core.package_identification:_identify(src) by extension 'python'
[0.125s] Level 1:colcon.colcon_core.package_identification:_identify(src) by extensions ['python_setup_py']
[0.125s] Level 1:colcon.colcon_core.package_identification:_identify(src) by extension 'python_setup_py'
[0.125s] Level 1:colcon.colcon_core.package_identification:_identify(src/livox_driver) by extensions ['ignore', 'ignore_ament_install']
[0.125s] Level 1:colcon.colcon_core.package_identification:_identify(src/livox_driver) by extension 'ignore'
[0.125s] Level 1:colcon.colcon_core.package_identification:_identify(src/livox_driver) by extension 'ignore_ament_install'
[0.125s] Level 1:colcon.colcon_core.package_identification:_identify(src/livox_driver) by extensions ['colcon_pkg']
[0.125s] Level 1:colcon.colcon_core.package_identification:_identify(src/livox_driver) by extension 'colcon_pkg'
[0.125s] Level 1:colcon.colcon_core.package_identification:_identify(src/livox_driver) by extensions ['colcon_meta']
[0.125s] Level 1:colcon.colcon_core.package_identification:_identify(src/livox_driver) by extension 'colcon_meta'
[0.125s] Level 1:colcon.colcon_core.package_identification:_identify(src/livox_driver) by extensions ['ros']
[0.125s] Level 1:colcon.colcon_core.package_identification:_identify(src/livox_driver) by extension 'ros'
[0.126s] Level 1:colcon.colcon_core.package_identification:_identify(src/livox_driver) by extensions ['cmake', 'python']
[0.126s] Level 1:colcon.colcon_core.package_identification:_identify(src/livox_driver) by extension 'cmake'
[0.127s] Level 1:colcon.colcon_core.package_identification:_identify(src/livox_driver) by extension 'python'
[0.127s] DEBUG:colcon.colcon_core.package_identification:Package 'src/livox_driver' with type 'cmake' and name 'livox_ros_driver2'
[0.127s] Level 1:colcon.colcon_core.package_identification:_identify(src/tinker_description) by extensions ['ignore', 'ignore_ament_install']
[0.127s] Level 1:colcon.colcon_core.package_identification:_identify(src/tinker_description) by extension 'ignore'
[0.127s] Level 1:colcon.colcon_core.package_identification:_identify(src/tinker_description) by extension 'ignore_ament_install'
[0.127s] Level 1:colcon.colcon_core.package_identification:_identify(src/tinker_description) by extensions ['colcon_pkg']
[0.127s] Level 1:colcon.colcon_core.package_identification:_identify(src/tinker_description) by extension 'colcon_pkg'
[0.127s] Level 1:colcon.colcon_core.package_identification:_identify(src/tinker_description) by extensions ['colcon_meta']
[0.127s] Level 1:colcon.colcon_core.package_identification:_identify(src/tinker_description) by extension 'colcon_meta'
[0.127s] Level 1:colcon.colcon_core.package_identification:_identify(src/tinker_description) by extensions ['ros']
[0.127s] Level 1:colcon.colcon_core.package_identification:_identify(src/tinker_description) by extension 'ros'
[0.128s] DEBUG:colcon.colcon_core.package_identification:Package 'src/tinker_description' with type 'ros.ament_cmake' and name 'tinker_description'
[0.128s] Level 1:colcon.colcon_core.package_discovery:discover_packages(recursive) using defaults
[0.128s] Level 1:colcon.colcon_core.package_discovery:discover_packages(ignore) discover
[0.128s] Level 1:colcon.colcon_core.package_discovery:discover_packages(ignore) using defaults
[0.128s] Level 1:colcon.colcon_core.package_discovery:discover_packages(path) discover
[0.128s] Level 1:colcon.colcon_core.package_discovery:discover_packages(path) using defaults
[0.138s] Level 1:colcon.colcon_core.package_discovery:discover_packages(prefix_path) check parameters
[0.138s] Level 1:colcon.colcon_core.package_discovery:discover_packages(prefix_path) discover
[0.139s] DEBUG:colcon.colcon_installed_package_information.package_discovery:Found 1 installed packages in /home/wbc/Projects/tinker_git_repo/tk23_ws/install
[0.140s] DEBUG:colcon.colcon_installed_package_information.package_discovery:Found 360 installed packages in /opt/ros/humble
[0.140s] Level 1:colcon.colcon_core.package_discovery:discover_packages(prefix_path) using defaults
[0.164s] Level 5:colcon.colcon_core.verb:set package 'livox_ros_driver2' build argument 'cmake_args' from command line to 'None'
[0.164s] Level 5:colcon.colcon_core.verb:set package 'livox_ros_driver2' build argument 'cmake_target' from command line to 'None'
[0.164s] Level 5:colcon.colcon_core.verb:set package 'livox_ros_driver2' build argument 'cmake_target_skip_unavailable' from command line to 'False'
[0.164s] Level 5:colcon.colcon_core.verb:set package 'livox_ros_driver2' build argument 'cmake_clean_cache' from command line to 'False'
[0.164s] Level 5:colcon.colcon_core.verb:set package 'livox_ros_driver2' build argument 'cmake_clean_first' from command line to 'False'
[0.164s] Level 5:colcon.colcon_core.verb:set package 'livox_ros_driver2' build argument 'cmake_force_configure' from command line to 'False'
[0.164s] Level 5:colcon.colcon_core.verb:set package 'livox_ros_driver2' build argument 'ament_cmake_args' from command line to 'None'
[0.164s] Level 5:colcon.colcon_core.verb:set package 'livox_ros_driver2' build argument 'catkin_cmake_args' from command line to 'None'
[0.164s] Level 5:colcon.colcon_core.verb:set package 'livox_ros_driver2' build argument 'catkin_skip_building_tests' from command line to 'False'
[0.164s] DEBUG:colcon.colcon_core.verb:Building package 'livox_ros_driver2' with the following arguments: {'ament_cmake_args': None, 'build_base': '/home/wbc/Projects/tinker_git_repo/tk23_ws/build/livox_ros_driver2', 'catkin_cmake_args': None, 'catkin_skip_building_tests': False, 'cmake_args': None, 'cmake_clean_cache': False, 'cmake_clean_first': False, 'cmake_force_configure': False, 'cmake_target': None, 'cmake_target_skip_unavailable': False, 'install_base': '/home/wbc/Projects/tinker_git_repo/tk23_ws/install/livox_ros_driver2', 'merge_install': False, 'path': '/home/wbc/Projects/tinker_git_repo/tk23_ws/src/livox_driver', 'symlink_install': False, 'test_result_base': None}
[0.165s] Level 5:colcon.colcon_core.verb:set package 'tinker_description' build argument 'cmake_args' from command line to 'None'
[0.165s] Level 5:colcon.colcon_core.verb:set package 'tinker_description' build argument 'cmake_target' from command line to 'None'
[0.165s] Level 5:colcon.colcon_core.verb:set package 'tinker_description' build argument 'cmake_target_skip_unavailable' from command line to 'False'
[0.165s] Level 5:colcon.colcon_core.verb:set package 'tinker_description' build argument 'cmake_clean_cache' from command line to 'False'
[0.165s] Level 5:colcon.colcon_core.verb:set package 'tinker_description' build argument 'cmake_clean_first' from command line to 'False'
[0.165s] Level 5:colcon.colcon_core.verb:set package 'tinker_description' build argument 'cmake_force_configure' from command line to 'False'
[0.165s] Level 5:colcon.colcon_core.verb:set package 'tinker_description' build argument 'ament_cmake_args' from command line to 'None'
[0.165s] Level 5:colcon.colcon_core.verb:set package 'tinker_description' build argument 'catkin_cmake_args' from command line to 'None'
[0.165s] Level 5:colcon.colcon_core.verb:set package 'tinker_description' build argument 'catkin_skip_building_tests' from command line to 'False'
[0.165s] DEBUG:colcon.colcon_core.verb:Building package 'tinker_description' with the following arguments: {'ament_cmake_args': None, 'build_base': '/home/wbc/Projects/tinker_git_repo/tk23_ws/build/tinker_description', 'catkin_cmake_args': None, 'catkin_skip_building_tests': False, 'cmake_args': None, 'cmake_clean_cache': False, 'cmake_clean_first': False, 'cmake_force_configure': False, 'cmake_target': None, 'cmake_target_skip_unavailable': False, 'install_base': '/home/wbc/Projects/tinker_git_repo/tk23_ws/install/tinker_description', 'merge_install': False, 'path': '/home/wbc/Projects/tinker_git_repo/tk23_ws/src/tinker_description', 'symlink_install': False, 'test_result_base': None}
[0.165s] INFO:colcon.colcon_core.executor:Executing jobs using 'parallel' executor
[0.166s] DEBUG:colcon.colcon_parallel_executor.executor.parallel:run_until_complete
[0.166s] INFO:colcon.colcon_cmake.task.cmake.build:Building CMake package in '/home/wbc/Projects/tinker_git_repo/tk23_ws/src/livox_driver'
[0.168s] INFO:colcon.colcon_core.plugin_system:Skipping extension 'colcon_core.shell.bat': Not used on non-Windows systems
[0.168s] INFO:colcon.colcon_core.shell:Skip shell extension 'powershell' for command environment: Not usable outside of PowerShell
[0.168s] DEBUG:colcon.colcon_core.shell:Skip shell extension 'dsv' for command environment
[0.170s] INFO:colcon.colcon_ros.task.ament_cmake.build:Building ROS package in '/home/wbc/Projects/tinker_git_repo/tk23_ws/src/tinker_description' with build type 'ament_cmake'
[0.170s] INFO:colcon.colcon_cmake.task.cmake.build:Building CMake package in '/home/wbc/Projects/tinker_git_repo/tk23_ws/src/tinker_description'
[0.171s] INFO:colcon.colcon_core.shell:Skip shell extension 'powershell' for command environment: Not usable outside of PowerShell
[0.171s] DEBUG:colcon.colcon_core.shell:Skip shell extension 'dsv' for command environment
[0.174s] DEBUG:colcon.colcon_core.event_handler.log_command:Invoking command in '/home/wbc/Projects/tinker_git_repo/tk23_ws/build/livox_ros_driver2': /usr/bin/cmake /home/wbc/Projects/tinker_git_repo/tk23_ws/src/livox_driver -DCMAKE_INSTALL_PREFIX=/home/wbc/Projects/tinker_git_repo/tk23_ws/install/livox_ros_driver2
[0.176s] DEBUG:colcon.colcon_core.event_handler.log_command:Invoking command in '/home/wbc/Projects/tinker_git_repo/tk23_ws/build/tinker_description': CMAKE_PREFIX_PATH=${CMAKE_PREFIX_PATH}:/opt/ros/humble /usr/bin/cmake --build /home/wbc/Projects/tinker_git_repo/tk23_ws/build/tinker_description -- -j24 -l24
[0.190s] DEBUG:colcon.colcon_core.event_handler.log_command:Invoked command in '/home/wbc/Projects/tinker_git_repo/tk23_ws/build/tinker_description' returned '0': CMAKE_PREFIX_PATH=${CMAKE_PREFIX_PATH}:/opt/ros/humble /usr/bin/cmake --build /home/wbc/Projects/tinker_git_repo/tk23_ws/build/tinker_description -- -j24 -l24
[0.200s] DEBUG:colcon.colcon_core.event_handler.log_command:Invoking command in '/home/wbc/Projects/tinker_git_repo/tk23_ws/build/tinker_description': CMAKE_PREFIX_PATH=${CMAKE_PREFIX_PATH}:/opt/ros/humble /usr/bin/cmake --install /home/wbc/Projects/tinker_git_repo/tk23_ws/build/tinker_description
[0.203s] Level 1:colcon.colcon_core.environment:create_environment_scripts_only(tinker_description)
[0.204s] DEBUG:colcon.colcon_core.event_handler.log_command:Invoked command in '/home/wbc/Projects/tinker_git_repo/tk23_ws/build/tinker_description' returned '0': CMAKE_PREFIX_PATH=${CMAKE_PREFIX_PATH}:/opt/ros/humble /usr/bin/cmake --install /home/wbc/Projects/tinker_git_repo/tk23_ws/build/tinker_description
[0.205s] Level 1:colcon.colcon_core.environment:checking '/home/wbc/Projects/tinker_git_repo/tk23_ws/install/tinker_description' for CMake module files
[0.205s] Level 1:colcon.colcon_core.environment:checking '/home/wbc/Projects/tinker_git_repo/tk23_ws/install/tinker_description' for CMake config files
[0.206s] Level 1:colcon.colcon_core.shell:create_environment_hook('tinker_description', 'cmake_prefix_path')
[0.206s] INFO:colcon.colcon_core.shell:Creating environment hook '/home/wbc/Projects/tinker_git_repo/tk23_ws/install/tinker_description/share/tinker_description/hook/cmake_prefix_path.ps1'
[0.206s] INFO:colcon.colcon_core.shell:Creating environment descriptor '/home/wbc/Projects/tinker_git_repo/tk23_ws/install/tinker_description/share/tinker_description/hook/cmake_prefix_path.dsv'
[0.207s] INFO:colcon.colcon_core.shell:Creating environment hook '/home/wbc/Projects/tinker_git_repo/tk23_ws/install/tinker_description/share/tinker_description/hook/cmake_prefix_path.sh'
[0.207s] Level 1:colcon.colcon_core.environment:checking '/home/wbc/Projects/tinker_git_repo/tk23_ws/install/tinker_description/bin'
[0.207s] Level 1:colcon.colcon_core.environment:checking '/home/wbc/Projects/tinker_git_repo/tk23_ws/install/tinker_description/lib/pkgconfig/tinker_description.pc'
[0.207s] Level 1:colcon.colcon_core.environment:checking '/home/wbc/Projects/tinker_git_repo/tk23_ws/install/tinker_description/lib/python3.10/site-packages'
[0.207s] Level 1:colcon.colcon_core.environment:checking '/home/wbc/Projects/tinker_git_repo/tk23_ws/install/tinker_description/bin'
[0.208s] INFO:colcon.colcon_core.shell:Creating package script '/home/wbc/Projects/tinker_git_repo/tk23_ws/install/tinker_description/share/tinker_description/package.ps1'
[0.208s] INFO:colcon.colcon_core.shell:Creating package descriptor '/home/wbc/Projects/tinker_git_repo/tk23_ws/install/tinker_description/share/tinker_description/package.dsv'
[0.208s] INFO:colcon.colcon_core.shell:Creating package script '/home/wbc/Projects/tinker_git_repo/tk23_ws/install/tinker_description/share/tinker_description/package.sh'
[0.208s] INFO:colcon.colcon_core.shell:Creating package script '/home/wbc/Projects/tinker_git_repo/tk23_ws/install/tinker_description/share/tinker_description/package.bash'
[0.209s] INFO:colcon.colcon_core.shell:Creating package script '/home/wbc/Projects/tinker_git_repo/tk23_ws/install/tinker_description/share/tinker_description/package.zsh'
[0.209s] Level 1:colcon.colcon_core.environment:create_file_with_runtime_dependencies(/home/wbc/Projects/tinker_git_repo/tk23_ws/install/tinker_description/share/colcon-core/packages/tinker_description)
[0.216s] Level 1:colcon.colcon_core.environment:create_environment_scripts_only(tinker_description)
[0.217s] Level 1:colcon.colcon_core.environment:checking '/home/wbc/Projects/tinker_git_repo/tk23_ws/install/tinker_description' for CMake module files
[0.217s] Level 1:colcon.colcon_core.environment:checking '/home/wbc/Projects/tinker_git_repo/tk23_ws/install/tinker_description' for CMake config files
[0.217s] Level 1:colcon.colcon_core.shell:create_environment_hook('tinker_description', 'cmake_prefix_path')
[0.218s] INFO:colcon.colcon_core.shell:Creating environment hook '/home/wbc/Projects/tinker_git_repo/tk23_ws/install/tinker_description/share/tinker_description/hook/cmake_prefix_path.ps1'
[0.218s] INFO:colcon.colcon_core.shell:Creating environment descriptor '/home/wbc/Projects/tinker_git_repo/tk23_ws/install/tinker_description/share/tinker_description/hook/cmake_prefix_path.dsv'
[0.218s] INFO:colcon.colcon_core.shell:Creating environment hook '/home/wbc/Projects/tinker_git_repo/tk23_ws/install/tinker_description/share/tinker_description/hook/cmake_prefix_path.sh'
[0.218s] Level 1:colcon.colcon_core.environment:checking '/home/wbc/Projects/tinker_git_repo/tk23_ws/install/tinker_description/bin'
[0.218s] Level 1:colcon.colcon_core.environment:checking '/home/wbc/Projects/tinker_git_repo/tk23_ws/install/tinker_description/lib/pkgconfig/tinker_description.pc'
[0.218s] Level 1:colcon.colcon_core.environment:checking '/home/wbc/Projects/tinker_git_repo/tk23_ws/install/tinker_description/lib/python3.10/site-packages'
[0.218s] Level 1:colcon.colcon_core.environment:checking '/home/wbc/Projects/tinker_git_repo/tk23_ws/install/tinker_description/bin'
[0.219s] INFO:colcon.colcon_core.shell:Creating package script '/home/wbc/Projects/tinker_git_repo/tk23_ws/install/tinker_description/share/tinker_description/package.ps1'
[0.219s] INFO:colcon.colcon_core.shell:Creating package descriptor '/home/wbc/Projects/tinker_git_repo/tk23_ws/install/tinker_description/share/tinker_description/package.dsv'
[0.219s] INFO:colcon.colcon_core.shell:Creating package script '/home/wbc/Projects/tinker_git_repo/tk23_ws/install/tinker_description/share/tinker_description/package.sh'
[0.219s] INFO:colcon.colcon_core.shell:Creating package script '/home/wbc/Projects/tinker_git_repo/tk23_ws/install/tinker_description/share/tinker_description/package.bash'
[0.220s] INFO:colcon.colcon_core.shell:Creating package script '/home/wbc/Projects/tinker_git_repo/tk23_ws/install/tinker_description/share/tinker_description/package.zsh'
[0.220s] Level 1:colcon.colcon_core.environment:create_file_with_runtime_dependencies(/home/wbc/Projects/tinker_git_repo/tk23_ws/install/tinker_description/share/colcon-core/packages/tinker_description)
[1.517s] DEBUG:colcon.colcon_core.event_handler.log_command:Invoked command in '/home/wbc/Projects/tinker_git_repo/tk23_ws/build/livox_ros_driver2' returned '1': /usr/bin/cmake /home/wbc/Projects/tinker_git_repo/tk23_ws/src/livox_driver -DCMAKE_INSTALL_PREFIX=/home/wbc/Projects/tinker_git_repo/tk23_ws/install/livox_ros_driver2
[1.527s] DEBUG:colcon.colcon_parallel_executor.executor.parallel:closing loop
[1.527s] DEBUG:colcon.colcon_parallel_executor.executor.parallel:loop closed
[1.527s] DEBUG:colcon.colcon_parallel_executor.executor.parallel:run_until_complete finished with '1'
[1.527s] DEBUG:colcon.colcon_core.event_reactor:joining thread
[1.530s] INFO:colcon.colcon_core.plugin_system:Skipping extension 'colcon_notification.desktop_notification.terminal_notifier': Not used on non-Darwin systems
[1.530s] INFO:colcon.colcon_core.plugin_system:Skipping extension 'colcon_notification.desktop_notification.win32': Not used on non-Windows systems
[1.530s] INFO:colcon.colcon_notification.desktop_notification:Sending desktop notification using 'notify2'
[1.537s] DEBUG:colcon.colcon_core.event_reactor:joined thread
[1.537s] INFO:colcon.colcon_core.shell:Creating prefix script '/home/wbc/Projects/tinker_git_repo/tk23_ws/install/local_setup.ps1'
[1.538s] INFO:colcon.colcon_core.shell:Creating prefix util module '/home/wbc/Projects/tinker_git_repo/tk23_ws/install/_local_setup_util_ps1.py'
[1.538s] INFO:colcon.colcon_core.shell:Creating prefix chain script '/home/wbc/Projects/tinker_git_repo/tk23_ws/install/setup.ps1'
[1.539s] INFO:colcon.colcon_core.shell:Creating prefix script '/home/wbc/Projects/tinker_git_repo/tk23_ws/install/local_setup.sh'
[1.539s] INFO:colcon.colcon_core.shell:Creating prefix util module '/home/wbc/Projects/tinker_git_repo/tk23_ws/install/_local_setup_util_sh.py'
[1.539s] INFO:colcon.colcon_core.shell:Creating prefix chain script '/home/wbc/Projects/tinker_git_repo/tk23_ws/install/setup.sh'
[1.539s] INFO:colcon.colcon_core.shell:Creating prefix script '/home/wbc/Projects/tinker_git_repo/tk23_ws/install/local_setup.bash'
[1.540s] INFO:colcon.colcon_core.shell:Creating prefix chain script '/home/wbc/Projects/tinker_git_repo/tk23_ws/install/setup.bash'
[1.540s] INFO:colcon.colcon_core.shell:Creating prefix script '/home/wbc/Projects/tinker_git_repo/tk23_ws/install/local_setup.zsh'
[1.540s] INFO:colcon.colcon_core.shell:Creating prefix chain script '/home/wbc/Projects/tinker_git_repo/tk23_ws/install/setup.zsh'
