[0.005s] Invoking command in '/home/wbc/Projects/tinker_git_repo/tk23_ws/build/tinker_description': CMAKE_PREFIX_PATH=${CMAKE_PREFIX_PATH}:/opt/ros/humble /usr/bin/cmake /home/wbc/Projects/tinker_git_repo/tk23_ws/src/tinker_description -DCMAKE_INSTALL_PREFIX=/home/wbc/Projects/tinker_git_repo/tk23_ws/install/tinker_description
[0.011s] -- Found ament_cmake: 1.3.5 (/opt/ros/humble/share/ament_cmake/cmake)
[0.074s] -- Found ament_lint_auto: 0.12.6 (/opt/ros/humble/share/ament_lint_auto/cmake)
[0.104s] -- Added test 'flake8' to check Python code syntax and style conventions
[0.104s] -- Added test 'lint_cmake' to check CMake code style
[0.104s] -- Added test 'pep257' to check Python code against some of the docstring style conventions in PEP 257
[0.104s] -- Added test 'xmllint' to check XML markup files
[0.105s] -- Configuring done
[0.106s] -- Generating done
[0.106s] -- Build files have been written to: /home/wbc/Projects/tinker_git_repo/tk23_ws/build/tinker_description
[0.108s] Invoked command in '/home/wbc/Projects/tinker_git_repo/tk23_ws/build/tinker_description' returned '0': CMAKE_PREFIX_PATH=${CMAKE_PREFIX_PATH}:/opt/ros/humble /usr/bin/cmake /home/wbc/Projects/tinker_git_repo/tk23_ws/src/tinker_description -DCMAKE_INSTALL_PREFIX=/home/wbc/Projects/tinker_git_repo/tk23_ws/install/tinker_description
[0.109s] Invoking command in '/home/wbc/Projects/tinker_git_repo/tk23_ws/build/tinker_description': CMAKE_PREFIX_PATH=${CMAKE_PREFIX_PATH}:/opt/ros/humble /usr/bin/cmake --build /home/wbc/Projects/tinker_git_repo/tk23_ws/build/tinker_description -- -j24 -l24
[0.122s] Invoked command in '/home/wbc/Projects/tinker_git_repo/tk23_ws/build/tinker_description' returned '0': CMAKE_PREFIX_PATH=${CMAKE_PREFIX_PATH}:/opt/ros/humble /usr/bin/cmake --build /home/wbc/Projects/tinker_git_repo/tk23_ws/build/tinker_description -- -j24 -l24
[0.133s] Invoking command in '/home/wbc/Projects/tinker_git_repo/tk23_ws/build/tinker_description': CMAKE_PREFIX_PATH=${CMAKE_PREFIX_PATH}:/opt/ros/humble /usr/bin/cmake --install /home/wbc/Projects/tinker_git_repo/tk23_ws/build/tinker_description
[0.135s] -- Install configuration: ""
[0.135s] -- Up-to-date: /home/wbc/Projects/tinker_git_repo/tk23_ws/install/tinker_description/share/tinker_description//launch
[0.136s] -- Up-to-date: /home/wbc/Projects/tinker_git_repo/tk23_ws/install/tinker_description/share/tinker_description//launch/display.launch.py
[0.136s] -- Up-to-date: /home/wbc/Projects/tinker_git_repo/tk23_ws/install/tinker_description/share/tinker_description//src
[0.136s] -- Up-to-date: /home/wbc/Projects/tinker_git_repo/tk23_ws/install/tinker_description/share/tinker_description//src/description
[0.136s] -- Up-to-date: /home/wbc/Projects/tinker_git_repo/tk23_ws/install/tinker_description/share/tinker_description//src/description/tinker.urdf.xacro
[0.136s] -- Up-to-date: /home/wbc/Projects/tinker_git_repo/tk23_ws/install/tinker_description/share/tinker_description//rviz
[0.136s] -- Up-to-date: /home/wbc/Projects/tinker_git_repo/tk23_ws/install/tinker_description/share/tinker_description//rviz/urdf_config.rviz
[0.136s] -- Up-to-date: /home/wbc/Projects/tinker_git_repo/tk23_ws/install/tinker_description/share/tinker_description//mesh
[0.136s] -- Up-to-date: /home/wbc/Projects/tinker_git_repo/tk23_ws/install/tinker_description/share/tinker_description//mesh/tinker_base.stl
[0.136s] -- Up-to-date: /home/wbc/Projects/tinker_git_repo/tk23_ws/install/tinker_description/share/ament_index/resource_index/package_run_dependencies/tinker_description
[0.136s] -- Up-to-date: /home/wbc/Projects/tinker_git_repo/tk23_ws/install/tinker_description/share/ament_index/resource_index/parent_prefix_path/tinker_description
[0.136s] -- Up-to-date: /home/wbc/Projects/tinker_git_repo/tk23_ws/install/tinker_description/share/tinker_description/environment/ament_prefix_path.sh
[0.136s] -- Installing: /home/wbc/Projects/tinker_git_repo/tk23_ws/install/tinker_description/share/tinker_description/environment/ament_prefix_path.dsv
[0.136s] -- Up-to-date: /home/wbc/Projects/tinker_git_repo/tk23_ws/install/tinker_description/share/tinker_description/environment/path.sh
[0.136s] -- Installing: /home/wbc/Projects/tinker_git_repo/tk23_ws/install/tinker_description/share/tinker_description/environment/path.dsv
[0.136s] -- Up-to-date: /home/wbc/Projects/tinker_git_repo/tk23_ws/install/tinker_description/share/tinker_description/local_setup.bash
[0.136s] -- Up-to-date: /home/wbc/Projects/tinker_git_repo/tk23_ws/install/tinker_description/share/tinker_description/local_setup.sh
[0.136s] -- Up-to-date: /home/wbc/Projects/tinker_git_repo/tk23_ws/install/tinker_description/share/tinker_description/local_setup.zsh
[0.136s] -- Installing: /home/wbc/Projects/tinker_git_repo/tk23_ws/install/tinker_description/share/tinker_description/local_setup.dsv
[0.136s] -- Installing: /home/wbc/Projects/tinker_git_repo/tk23_ws/install/tinker_description/share/tinker_description/package.dsv
[0.136s] -- Up-to-date: /home/wbc/Projects/tinker_git_repo/tk23_ws/install/tinker_description/share/ament_index/resource_index/packages/tinker_description
[0.136s] -- Up-to-date: /home/wbc/Projects/tinker_git_repo/tk23_ws/install/tinker_description/share/tinker_description/cmake/tinker_descriptionConfig.cmake
[0.136s] -- Up-to-date: /home/wbc/Projects/tinker_git_repo/tk23_ws/install/tinker_description/share/tinker_description/cmake/tinker_descriptionConfig-version.cmake
[0.136s] -- Up-to-date: /home/wbc/Projects/tinker_git_repo/tk23_ws/install/tinker_description/share/tinker_description/package.xml
[0.137s] Invoked command in '/home/wbc/Projects/tinker_git_repo/tk23_ws/build/tinker_description' returned '0': CMAKE_PREFIX_PATH=${CMAKE_PREFIX_PATH}:/opt/ros/humble /usr/bin/cmake --install /home/wbc/Projects/tinker_git_repo/tk23_ws/build/tinker_description
